\BOOKMARK [-1][-]{chapter*.2}{\376\377\000L\000i\000s\000t\000\040\000o\000f\000\040\000T\000a\000b\000l\000e\000s}{}% 1
\BOOKMARK [0][-]{chapter*.3}{\376\377\000I\000n\000t\000r\000o\000d\000u\000c\000t\000i\000o\000n}{chapter*.2}% 2
\BOOKMARK [1][-]{section*.4}{\376\377\000A\000b\000o\000u\000t\000\040\000t\000h\000i\000s\000\040\000P\000r\000o\000c\000e\000d\000u\000r\000e}{chapter*.3}% 3
\BOOKMARK [1][-]{section*.5}{\376\377\000A\000c\000c\000e\000s\000s\000i\000o\000n\000\040\000R\000e\000s\000u\000l\000t\000\040\000E\000n\000t\000r\000y\000\040\000M\000o\000d\000e\000s}{chapter*.3}% 4
\BOOKMARK [0][-]{chapter*.6}{\376\377\000C\000u\000s\000t\000o\000m\000i\000z\000i\000n\000g\000\040\000A\000c\000c\000e\000s\000s\000i\000o\000n\000\040\000R\000e\000s\000u\000l\000t\000\040\000E\000n\000t\000r\000y}{chapter*.2}% 5
\BOOKMARK [1][-]{section*.7}{\376\377\000S\000e\000t\000u\000p\000\040\000R\000e\000s\000u\000l\000t\000\040\000V\000i\000e\000w}{chapter*.6}% 6
\BOOKMARK [1][-]{section*.15}{\376\377\000A\000s\000s\000a\000y\000\040\000S\000o\000r\000t\000i\000n\000g}{chapter*.6}% 7
\BOOKMARK [0][-]{chapter*.20}{\376\377\000C\000u\000s\000t\000o\000m\000i\000z\000i\000n\000g\000\040\000D\000e\000m\000o\000g\000r\000a\000p\000h\000i\000c\000s}{chapter*.2}% 8
\BOOKMARK [1][-]{section*.21}{\376\377\000H\000e\000l\000p\000f\000u\000l\000\040\000T\000i\000p\000s}{chapter*.20}% 9
\BOOKMARK [1][-]{section*.22}{\376\377\000C\000h\000a\000n\000g\000i\000n\000g\000\040\000D\000e\000m\000o\000g\000r\000a\000p\000h\000i\000c\000s}{chapter*.20}% 10
\BOOKMARK [1][-]{section*.29}{\376\377\000R\000e\000s\000t\000o\000r\000e\000\040\000t\000o\000\040\000D\000e\000f\000a\000u\000l\000t\000s}{chapter*.20}% 11
\BOOKMARK [0][-]{chapter*.30}{\376\377\000E\000n\000t\000e\000r\000i\000n\000g\000\040\000R\000e\000s\000u\000l\000t\000s}{chapter*.2}% 12
\BOOKMARK [1][-]{section*.31}{\376\377\000M\000a\000n\000u\000a\000l\000\040\000R\000e\000s\000u\000l\000t\000\040\000E\000n\000t\000r\000y}{chapter*.30}% 13
\BOOKMARK [1][-]{section*.39}{\376\377\000R\000e\000s\000u\000l\000t\000\040\000T\000y\000p\000e\000s}{chapter*.30}% 14
\BOOKMARK [1][-]{section*.45}{\376\377\000E\000n\000t\000e\000r\000i\000n\000g\000\040\000C\000o\000m\000m\000e\000n\000t\000s}{chapter*.30}% 15
\BOOKMARK [0][-]{chapter*.48}{\376\377\000I\000n\000t\000e\000r\000p\000r\000e\000t\000i\000n\000g\000\040\000R\000e\000s\000u\000l\000t\000s}{chapter*.2}% 16
\BOOKMARK [1][-]{section*.49}{\376\377\000F\000l\000a\000g\000s}{chapter*.48}% 17
\BOOKMARK [1][-]{section*.50}{\376\377\000R\000e\000v\000i\000e\000w\000\040\000R\000a\000n\000g\000e}{chapter*.48}% 18
\BOOKMARK [1][-]{section*.51}{\376\377\000C\000r\000i\000t\000i\000c\000a\000l\000\040\000R\000e\000s\000u\000l\000t\000s}{chapter*.48}% 19
\BOOKMARK [1][-]{section*.52}{\376\377\000L\000i\000n\000e\000a\000r\000i\000t\000i\000e\000s}{chapter*.48}% 20
\BOOKMARK [1][-]{section*.57}{\376\377\000R\000e\000f\000e\000r\000e\000n\000c\000e\000\040\000R\000a\000n\000g\000e\000s}{chapter*.48}% 21
\BOOKMARK [0][-]{chapter*.58}{\376\377\000V\000e\000r\000i\000f\000y\000i\000n\000g\000\040\000R\000e\000s\000u\000l\000t\000s}{chapter*.2}% 22
\BOOKMARK [1][-]{section*.61}{\376\377\000V\000e\000r\000i\000f\000y\000i\000n\000g\000\040\000C\000r\000i\000t\000i\000c\000a\000l\000\040\000R\000e\000s\000u\000l\000t\000s}{chapter*.58}% 23
\BOOKMARK [0][-]{chapter*.62}{\376\377\000D\000i\000f\000f\000e\000r\000e\000n\000t\000i\000a\000l\000\040\000M\000o\000d\000e}{chapter*.2}% 24
\BOOKMARK [1][-]{section*.63}{\376\377\000O\000r\000d\000e\000r\000s\000\040\000w\000i\000t\000h\000\040\000D\000i\000f\000f\000e\000r\000e\000n\000t\000i\000a\000l\000s}{chapter*.62}% 25
\BOOKMARK [1][-]{section*.64}{\376\377\000B\000o\000d\000y\000\040\000F\000l\000u\000i\000d\000\040\000D\000i\000f\000f\000e\000r\000e\000n\000t\000i\000a\000l\000s}{chapter*.62}% 26
\BOOKMARK [1][-]{section*.86}{\376\377\000C\000B\000C\000\040\000D\000i\000f\000f\000e\000r\000e\000n\000t\000i\000a\000l\000s}{chapter*.62}% 27
\BOOKMARK [0][-]{chapter*.101}{\376\377\000C\000o\000r\000r\000e\000c\000t\000i\000o\000n\000\040\000M\000o\000d\000e}{chapter*.2}% 28
\BOOKMARK [1][-]{section*.104}{\376\377\000C\000o\000r\000r\000e\000c\000t\000i\000n\000g\000\040\000R\000e\000s\000u\000l\000t\000s}{chapter*.101}% 29
\BOOKMARK [0][-]{chapter*.117}{\376\377\000I\000n\000s\000t\000r\000u\000m\000e\000n\000t\000\040\000Q\000u\000e\000u\000e\000\040\000M\000o\000d\000e}{chapter*.2}% 30
\BOOKMARK [1][-]{section*.118}{\376\377\000O\000p\000e\000n\000i\000n\000g\000\040\000I\000n\000s\000t\000r\000u\000m\000e\000n\000t\000\040\000Q\000u\000e\000u\000e}{chapter*.117}% 31
\BOOKMARK [1][-]{section*.122}{\376\377\000C\000o\000s\000m\000e\000t\000i\000c\000\040\000D\000i\000f\000f\000e\000r\000e\000n\000c\000e\000s}{chapter*.117}% 32
\BOOKMARK [1][-]{section*.123}{\376\377\000U\000s\000i\000n\000g\000\040\000I\000n\000s\000t\000r\000u\000m\000e\000n\000t\000\040\000Q\000u\000e\000u\000e}{chapter*.117}% 33
\BOOKMARK [0][-]{chapter*.135}{\376\377\000A\000d\000d\000i\000t\000i\000o\000n\000a\000l\000\040\000I\000n\000f\000o\000r\000m\000a\000t\000i\000o\000n}{chapter*.2}% 34
\BOOKMARK [1][-]{section*.136}{\376\377\000G\000e\000t\000t\000i\000n\000g\000\040\000A\000s\000s\000a\000y\000\040\000I\000n\000f\000o\000r\000m\000a\000t\000i\000o\000n}{chapter*.135}% 35
\BOOKMARK [1][-]{section*.141}{\376\377\000P\000r\000e\000v\000i\000o\000u\000s\000\040\000R\000e\000s\000u\000l\000t\000s}{chapter*.135}% 36
\BOOKMARK [0][-]{chapter*.145}{\376\377\000T\000r\000o\000u\000b\000l\000e\000s\000h\000o\000o\000t\000i\000n\000g}{chapter*.2}% 37
\BOOKMARK [1][-]{section*.146}{\376\377\000T\000o\000o\000\040\000M\000a\000n\000y\000\040\000D\000i\000g\000i\000t\000s}{chapter*.145}% 38
\BOOKMARK [1][-]{section*.147}{\376\377\000D\000e\000c\000i\000m\000a\000l\000s\000\040\000N\000o\000t\000\040\000A\000l\000l\000o\000w\000e\000d}{chapter*.145}% 39
\BOOKMARK [1][-]{section*.148}{\376\377\000U\000n\000a\000b\000l\000e\000\040\000t\000o\000\040\000E\000n\000t\000e\000r\000\040\000R\000e\000s\000u\000l\000t\000s}{chapter*.145}% 40
\BOOKMARK [0][-]{chapter*.155}{\376\377\000R\000o\000u\000t\000i\000n\000g}{chapter*.2}% 41
\BOOKMARK [1][-]{section*.156}{\376\377\000W\000h\000a\000t\000\040\000i\000s\000\040\000R\000o\000u\000t\000i\000n\000g\000?}{chapter*.155}% 42
\BOOKMARK [1][-]{section*.157}{\376\377\000H\000o\000w\000\040\000D\000o\000e\000s\000\040\000I\000t\000\040\000W\000o\000r\000k\000?}{chapter*.155}% 43
\BOOKMARK [1][-]{section*.160}{\376\377\000B\000r\000a\000c\000k\000e\000n\000r\000i\000d\000g\000e}{chapter*.155}% 44
\BOOKMARK [1][-]{section*.161}{\376\377\000D\000e\000l\000l\000\040\000C\000h\000i\000l\000d\000r\000e\000n\000'\000s}{chapter*.155}% 45
\BOOKMARK [1][-]{section*.162}{\376\377\000E\000d\000g\000a\000r\000\040\000B\000.\000\040\000D\000a\000v\000i\000s}{chapter*.155}% 46
\BOOKMARK [1][-]{section*.163}{\376\377\000H\000a\000y\000s}{chapter*.155}% 47
\BOOKMARK [1][-]{section*.164}{\376\377\000H\000i\000g\000h\000l\000a\000n\000d\000\040\000L\000a\000k\000e\000s}{chapter*.155}% 48
\BOOKMARK [1][-]{section*.165}{\376\377\000N\000o\000r\000t\000h\000w\000e\000s\000t}{chapter*.155}% 49
\BOOKMARK [1][-]{section*.166}{\376\377\000S\000o\000u\000t\000h\000w\000e\000s\000t}{chapter*.155}% 50
\BOOKMARK [1][-]{section*.167}{\376\377\000W\000i\000l\000l\000i\000a\000m\000s\000o\000n}{chapter*.155}% 51
\BOOKMARK [1][-]{section*.168}{\376\377\000S\000e\000t\000o\000n\000\040\000M\000e\000d\000i\000c\000a\000l\000\040\000C\000e\000n\000t\000e\000r}{chapter*.155}% 52
