\BOOKMARK [-1][-]{chapter*.2}{\376\377\000L\000i\000s\000t\000\040\000o\000f\000\040\000T\000a\000b\000l\000e\000s}{}% 1
\BOOKMARK [-1][-]{part.1}{\376\377\000I\000\040\000C\000e\000r\000n\000e\000r\000\040\000A\000p\000p\000-\000B\000a\000r}{}% 2
\BOOKMARK [0][-]{chapter*.3}{\376\377\000I\000n\000t\000r\000o\000d\000u\000c\000t\000i\000o\000n}{part.1}% 3
\BOOKMARK [0][-]{chapter*.4}{\376\377\000B\000a\000s\000i\000c\000\040\000S\000e\000t\000t\000i\000n\000g\000s}{part.1}% 4
\BOOKMARK [0][-]{chapter*.7}{\376\377\000A\000d\000d\000i\000n\000g\000\040\000A\000p\000p\000l\000i\000c\000a\000t\000i\000o\000n\000s}{part.1}% 5
\BOOKMARK [1][-]{section*.10}{\376\377\000S\000o\000r\000t\000i\000n\000g\000\040\000A\000p\000p\000l\000i\000c\000a\000t\000i\000o\000n\000s}{chapter*.7}% 6
\BOOKMARK [1][-]{section*.17}{\376\377\000G\000r\000o\000u\000p\000i\000n\000g\000\040\000t\000h\000e\000\040\000A\000p\000p\000l\000i\000c\000a\000t\000i\000o\000n\000s}{chapter*.7}% 7
\BOOKMARK [0][-]{chapter*.21}{\376\377\000W\000h\000i\000c\000h\000\040\000a\000p\000p\000s\000\040\000d\000o\000\040\000I\000\040\000n\000e\000e\000d\000?}{part.1}% 8
\BOOKMARK [1][-]{section*.22}{\376\377\000R\000e\000q\000u\000i\000r\000e\000d\000\040\000f\000o\000r\000\040\000E\000v\000e\000r\000y\000o\000n\000e}{chapter*.21}% 9
\BOOKMARK [1][-]{section*.23}{\376\377\000M\000i\000c\000r\000o\000b\000i\000o\000l\000o\000g\000y\000\040\000A\000p\000p\000l\000i\000c\000a\000t\000i\000o\000n\000s}{chapter*.21}% 10
\BOOKMARK [1][-]{section*.24}{\376\377\000O\000t\000h\000e\000r\000\040\000H\000e\000l\000p\000f\000u\000l\000\040\000A\000p\000p\000l\000i\000c\000a\000t\000i\000o\000n\000s}{chapter*.21}% 11
\BOOKMARK [-1][-]{part.2}{\376\377\000I\000I\000\040\000A\000c\000c\000e\000s\000s\000i\000o\000n\000\040\000N\000u\000m\000b\000e\000r\000s}{}% 12
\BOOKMARK [0][-]{chapter*.25}{\376\377\000I\000n\000t\000r\000o\000d\000u\000c\000t\000i\000o\000n}{part.2}% 13
\BOOKMARK [1][-]{section*.26}{\376\377\000C\000o\000n\000t\000a\000i\000n\000e\000r\000\040\000I\000d\000e\000n\000t\000i\000f\000i\000e\000r\000s}{chapter*.25}% 14
\BOOKMARK [1][-]{section*.27}{\376\377\000A\000d\000v\000a\000n\000t\000a\000g\000e\000s}{chapter*.25}% 15
\BOOKMARK [1][-]{section*.28}{\376\377\000D\000o\000w\000n\000t\000i\000m\000e\000\040\000A\000c\000c\000e\000s\000s\000i\000o\000n\000s}{chapter*.25}% 16
\BOOKMARK [0][-]{chapter*.29}{\376\377\000T\000i\000p\000s\000\040\000a\000n\000d\000\040\000T\000r\000i\000c\000k\000s}{part.2}% 17
\BOOKMARK [1][-]{section*.30}{\376\377\000C\000o\000n\000t\000a\000i\000n\000e\000r\000\040\000I\000D}{chapter*.29}% 18
\BOOKMARK [1][-]{section*.31}{\376\377\000E\000n\000t\000e\000r\000i\000n\000g\000\040\000A\000c\000c\000e\000s\000s\000i\000o\000n\000\040\000N\000u\000m\000b\000e\000r\000s}{chapter*.29}% 19
\BOOKMARK [-1][-]{part.3}{\376\377\000I\000I\000I\000\040\000D\000e\000p\000a\000r\000t\000m\000e\000n\000t\000\040\000O\000r\000d\000e\000r\000\040\000E\000n\000t\000r\000y}{}% 20
\BOOKMARK [0][-]{chapter*.41}{\376\377\000I\000n\000t\000r\000o\000d\000u\000c\000t\000i\000o\000n}{part.3}% 21
\BOOKMARK [1][-]{section*.42}{\376\377\000T\000e\000r\000m\000s\000\040\000t\000o\000\040\000k\000n\000o\000w\000:}{chapter*.41}% 22
\BOOKMARK [0][-]{chapter*.43}{\376\377\000C\000u\000s\000t\000o\000m\000i\000z\000i\000n\000g\000\040\000D\000e\000p\000a\000r\000t\000m\000e\000n\000t\000\040\000O\000r\000d\000e\000r\000\040\000E\000n\000t\000r\000y}{part.3}% 23
\BOOKMARK [1][-]{section*.44}{\376\377\000D\000e\000f\000i\000n\000e\000\040\000D\000e\000f\000a\000u\000l\000t\000\040\000V\000a\000l\000u\000e\000s}{chapter*.43}% 24
\BOOKMARK [1][-]{section*.47}{\376\377\000M\000o\000d\000i\000f\000y\000\040\000D\000e\000f\000a\000u\000l\000t\000\040\000S\000e\000a\000r\000c\000h\000\040\000F\000i\000e\000l\000d}{chapter*.43}% 25
\BOOKMARK [0][-]{chapter*.55}{\376\377\000P\000a\000t\000i\000e\000n\000t\000\040\000L\000o\000o\000k\000u\000p}{part.3}% 26
\BOOKMARK [1][-]{section*.56}{\376\377\000U\000s\000i\000n\000g\000\040\000a\000\040\000U\000n\000i\000q\000u\000e\000\040\000P\000a\000t\000i\000e\000n\000t\000\040\000I\000d\000e\000n\000t\000i\000f\000i\000e\000r}{chapter*.55}% 27
\BOOKMARK [1][-]{section*.59}{\376\377\000U\000s\000i\000n\000g\000\040\000t\000h\000e\000\040\000E\000n\000c\000o\000u\000n\000t\000e\000r\000\040\000S\000e\000a\000r\000c\000h\000\040\000W\000i\000n\000d\000o\000w}{chapter*.55}% 28
\BOOKMARK [1][-]{section*.66}{\376\377\000T\000r\000o\000u\000b\000l\000e\000s\000h\000o\000o\000t\000i\000n\000g\000\040\000T\000i\000p\000s}{chapter*.55}% 29
\BOOKMARK [0][-]{chapter*.69}{\376\377\000P\000l\000a\000c\000i\000n\000g\000\040\000N\000e\000w\000\040\000O\000r\000d\000e\000r\000s}{part.3}% 30
\BOOKMARK [1][-]{section*.74}{\376\377\000U\000p\000d\000a\000t\000i\000n\000g\000\040\000O\000r\000d\000e\000r\000\040\000I\000n\000f\000o\000r\000m\000a\000t\000i\000o\000n}{chapter*.69}% 31
\BOOKMARK [1][-]{section*.75}{\376\377\000U\000p\000d\000a\000t\000i\000n\000g\000\040\000t\000h\000e\000\040\000o\000r\000d\000e\000r\000\040\000i\000n\000f\000o\000r\000m\000a\000t\000i\000o\000n}{chapter*.69}% 32
\BOOKMARK [1][-]{section*.76}{\376\377\000S\000c\000r\000a\000t\000c\000h\000-\000P\000a\000d}{chapter*.69}% 33
\BOOKMARK [1][-]{section*.78}{\376\377\000M\000o\000d\000i\000f\000y\000i\000n\000g\000\040\000O\000r\000d\000e\000r\000s\000\040\000i\000n\000\040\000t\000h\000e\000\040\000S\000c\000r\000a\000t\000c\000h\000-\000P\000a\000d}{chapter*.69}% 34
\BOOKMARK [1][-]{section*.82}{\376\377\000S\000u\000b\000m\000i\000t\000t\000i\000n\000g\000\040\000t\000h\000e\000\040\000O\000r\000d\000e\000r\000s}{chapter*.69}% 35
\BOOKMARK [1][-]{section*.84}{\376\377\000D\000u\000p\000l\000i\000c\000a\000t\000e\000\040\000O\000r\000d\000e\000r\000s}{chapter*.69}% 36
\BOOKMARK [1][-]{section*.85}{\376\377\000S\000u\000b\000m\000i\000s\000s\000i\000o\000n\000\040\000S\000t\000a\000t\000u\000s}{chapter*.69}% 37
\BOOKMARK [1][-]{section*.86}{\376\377\000T\000r\000o\000u\000b\000l\000e\000s\000h\000o\000o\000t\000i\000n\000g\000\040\000S\000u\000b\000m\000i\000s\000s\000i\000o\000n\000\040\000E\000r\000r\000o\000r\000s}{chapter*.69}% 38
\BOOKMARK [0][-]{chapter*.96}{\376\377\000A\000c\000c\000e\000s\000s\000i\000o\000n\000\040\000A\000d\000d\000-\000o\000n}{part.3}% 39
\BOOKMARK [1][-]{section*.98}{\376\377\000A\000d\000d\000i\000n\000g\000\040\000o\000n\000\040\000O\000r\000d\000e\000r\000s}{chapter*.96}% 40
\BOOKMARK [1][-]{section*.103}{\376\377\000T\000o\000\040\000O\000v\000e\000r\000r\000i\000d\000e\000\040\000o\000r\000\040\000N\000o\000t\000\040\000t\000o\000\040\000O\000v\000e\000r\000r\000i\000d\000e}{chapter*.96}% 41
\BOOKMARK [1][-]{section*.104}{\376\377\000N\000o\000t\000\040\000O\000v\000e\000r\000r\000i\000d\000i\000n\000g}{chapter*.96}% 42
\BOOKMARK [1][-]{section*.107}{\376\377\000O\000v\000e\000r\000r\000i\000d\000i\000n\000g}{chapter*.96}% 43
\BOOKMARK [1][-]{section*.111}{\376\377\000S\000u\000b\000m\000i\000t\000t\000i\000n\000g\000\040\000O\000r\000d\000e\000r\000s}{chapter*.96}% 44
\BOOKMARK [1][-]{section*.113}{\376\377\000R\000e\000t\000u\000r\000n\000\040\000t\000o\000\040\000O\000r\000d\000e\000r\000\040\000E\000n\000t\000r\000y\000\040\000M\000o\000d\000e}{chapter*.96}% 45
\BOOKMARK [1][-]{section*.115}{\376\377\000D\000u\000p\000l\000i\000c\000a\000t\000e\000\040\000O\000r\000d\000e\000r\000s}{chapter*.96}% 46
\BOOKMARK [0][-]{chapter*.116}{\376\377\000T\000i\000p\000s\000\040\000a\000n\000d\000\040\000T\000r\000i\000c\000k\000s}{part.3}% 47
\BOOKMARK [1][-]{section*.117}{\376\377\000A\000n\000c\000i\000l\000l\000a\000r\000y\000\040\000v\000s\000.\000\040\000P\000r\000i\000m\000a\000r\000y\000\040\000O\000r\000d\000e\000r\000a\000b\000l\000e\000s}{chapter*.116}% 48
\BOOKMARK [1][-]{section*.118}{\376\377\000S\000e\000a\000r\000c\000h\000\040\000T\000i\000p\000s}{chapter*.116}% 49
\BOOKMARK [1][-]{section*.119}{\376\377\000K\000e\000y\000b\000o\000a\000r\000d\000\040\000S\000h\000o\000r\000t\000c\000u\000t\000s}{chapter*.116}% 50
\BOOKMARK [0][-]{chapter*.120}{\376\377\000N\000o\000t\000e\000s\000\040\000o\000n\000\040\000D\000u\000p\000l\000i\000c\000a\000t\000e\000\040\000C\000h\000e\000c\000k\000i\000n\000g}{part.3}% 51
\BOOKMARK [1][-]{section*.121}{\376\377\000W\000h\000e\000n\000\040\000O\000r\000d\000e\000r\000s\000\040\000A\000r\000e\000\040\000P\000l\000a\000c\000e\000d}{chapter*.120}% 52
\BOOKMARK [1][-]{section*.122}{\376\377\000W\000h\000e\000n\000\040\000O\000r\000d\000e\000r\000s\000\040\000A\000r\000e\000\040\000D\000i\000s\000p\000a\000t\000c\000h\000e\000d}{chapter*.120}% 53
\BOOKMARK [1][-]{section*.123}{\376\377\000W\000h\000e\000n\000\040\000O\000r\000d\000e\000r\000s\000\040\000A\000r\000e\000\040\000L\000o\000g\000g\000e\000d\000-\000I\000n}{chapter*.120}% 54
\BOOKMARK [1][-]{section*.124}{\376\377\000E\000x\000a\000m\000p\000l\000e}{chapter*.120}% 55
\BOOKMARK [0][-]{chapter*.125}{\376\377\000T\000h\000o\000s\000e\000\040\000O\000t\000h\000e\000r\000\040\000F\000u\000n\000c\000t\000i\000o\000n\000s}{part.3}% 56
\BOOKMARK [1][-]{section*.126}{\376\377\000T\000h\000o\000s\000e\000\040\000O\000t\000h\000e\000r\000\040\000F\000u\000n\000c\000t\000i\000o\000n\000s}{chapter*.125}% 57
\BOOKMARK [-1][-]{part.4}{\376\377\000I\000V\000\040\000S\000p\000e\000c\000i\000m\000e\000n\000\040\000L\000o\000g\000-\000i\000n}{}% 58
\BOOKMARK [0][-]{chapter*.127}{\376\377\000I\000n\000t\000r\000o\000d\000u\000c\000t\000i\000o\000n}{part.4}% 59
\BOOKMARK [0][-]{chapter*.128}{\376\377\000G\000e\000t\000t\000i\000n\000g\000\040\000S\000t\000a\000r\000t\000e\000d}{part.4}% 60
\BOOKMARK [1][-]{section*.132}{\376\377\000S\000e\000t\000t\000i\000n\000g\000\040\000L\000o\000c\000a\000t\000i\000o\000n}{chapter*.128}% 61
\BOOKMARK [1][-]{section*.134}{\376\377\000S\000e\000t\000t\000i\000n\000g\000\040\000D\000e\000f\000a\000u\000l\000t\000\040\000P\000r\000i\000n\000t\000e\000r\000s}{chapter*.128}% 62
\BOOKMARK [0][-]{chapter*.139}{\376\377\000L\000o\000g\000-\000i\000n\000\040\000B\000y\000\040\000A\000c\000c\000e\000s\000s\000i\000o\000n\000\040\000N\000u\000m\000b\000e\000r}{part.4}% 63
\BOOKMARK [1][-]{section*.140}{\376\377\000U\000n\000d\000e\000r\000s\000t\000a\000n\000d\000i\000n\000g\000\040\000t\000h\000e\000\040\000S\000p\000r\000e\000a\000d\000s\000h\000e\000e\000t}{chapter*.139}% 64
\BOOKMARK [1][-]{section*.142}{\376\377\000L\000o\000g\000-\000i\000n\000\040\000A\000c\000c\000e\000s\000s\000i\000o\000n\000s\000\040\000P\000r\000o\000c\000e\000d\000u\000r\000e}{chapter*.139}% 65
\BOOKMARK [0][-]{chapter*.158}{\376\377\000L\000o\000g\000-\000i\000n\000\040\000B\000y\000\040\000L\000i\000s\000t}{part.4}% 66
\BOOKMARK [1][-]{section*.166}{\376\377\000L\000i\000s\000t\000\040\000P\000o\000p\000-\000U\000p\000\040\000A\000l\000e\000r\000t\000s}{chapter*.158}% 67
\BOOKMARK [1][-]{section*.167}{\376\377\000R\000e\000c\000o\000m\000m\000e\000n\000d\000e\000d\000\040\000P\000r\000o\000c\000e\000d\000u\000r\000e}{chapter*.158}% 68
\BOOKMARK [0][-]{chapter*.170}{\376\377\000T\000i\000p\000s\000\040\000a\000n\000d\000\040\000T\000r\000i\000c\000k\000s}{part.4}% 69
\BOOKMARK [1][-]{section*.171}{\376\377\000M\000o\000d\000i\000f\000y\000i\000n\000g\000\040\000a\000\040\000S\000i\000n\000g\000l\000e\000\040\000C\000o\000n\000t\000a\000i\000n\000e\000r}{chapter*.170}% 70
\BOOKMARK [1][-]{section*.172}{\376\377\000R\000e\000f\000r\000e\000s\000h\000i\000n\000g\000\040\000D\000a\000t\000a}{chapter*.170}% 71
\BOOKMARK [1][-]{section*.174}{\376\377\000P\000r\000i\000n\000t\000i\000n\000g\000\040\000L\000a\000b\000e\000l\000s}{chapter*.170}% 72
\BOOKMARK [1][-]{section*.176}{\376\377\000K\000e\000y\000b\000o\000a\000r\000d\000\040\000S\000h\000o\000r\000t\000c\000u\000t\000s}{chapter*.170}% 73
\BOOKMARK [0][-]{chapter*.177}{\376\377\000T\000r\000o\000u\000b\000l\000e\000s\000h\000o\000o\000t\000i\000n\000g}{part.4}% 74
\BOOKMARK [1][-]{section*.178}{\376\377\000P\000r\000e\000v\000i\000o\000u\000s\000l\000y\000\040\000E\000n\000t\000e\000r\000e\000d}{chapter*.177}% 75
\BOOKMARK [1][-]{section*.179}{\376\377\000I\000n\000v\000a\000l\000i\000d\000\040\000C\000o\000l\000l\000e\000c\000t\000i\000o\000n\000\040\000T\000i\000m\000e}{chapter*.177}% 76
\BOOKMARK [1][-]{section*.181}{\376\377\000S\000e\000p\000a\000r\000a\000t\000e\000\040\000C\000o\000l\000l\000e\000c\000t\000i\000o\000n\000s}{chapter*.177}% 77
\BOOKMARK [1][-]{section*.184}{\376\377\000I\000'\000v\000e\000\040\000L\000o\000g\000g\000e\000d\000\040\000a\000\040\000S\000a\000m\000p\000l\000e\000\040\000i\000n\000t\000o\000\040\000t\000h\000e\000\040\000W\000r\000o\000n\000g\000\040\000L\000o\000c\000a\000t\000i\000o\000n}{chapter*.177}% 78
\BOOKMARK [-1][-]{part.5}{\376\377\000V\000\040\000C\000o\000n\000t\000a\000i\000n\000e\000r\000\040\000I\000n\000q\000u\000i\000r\000y}{}% 79
\BOOKMARK [0][-]{chapter*.185}{\376\377\000I\000n\000t\000r\000o\000d\000u\000c\000t\000i\000o\000n}{part.5}% 80
\BOOKMARK [0][-]{chapter*.186}{\376\377\000C\000u\000s\000t\000o\000m\000i\000z\000i\000n\000g\000\040\000D\000e\000m\000o\000g\000r\000a\000p\000h\000i\000c\000s}{part.5}% 81
\BOOKMARK [1][-]{section*.187}{\376\377\000H\000e\000l\000p\000f\000u\000l\000\040\000T\000i\000p\000s}{chapter*.186}% 82
\BOOKMARK [1][-]{section*.188}{\376\377\000C\000h\000a\000n\000g\000i\000n\000g\000\040\000D\000e\000m\000o\000g\000r\000a\000p\000h\000i\000c\000s}{chapter*.186}% 83
\BOOKMARK [1][-]{section*.195}{\376\377\000R\000e\000s\000t\000o\000r\000e\000\040\000t\000o\000\040\000D\000e\000f\000a\000u\000l\000t\000s}{chapter*.186}% 84
\BOOKMARK [0][-]{chapter*.196}{\376\377\000I\000n\000q\000u\000i\000r\000i\000n\000g\000\040\000A\000b\000o\000u\000t\000\040\000C\000o\000n\000t\000a\000i\000n\000e\000r\000s}{part.5}% 85
\BOOKMARK [1][-]{section*.199}{\376\377\000C\000o\000n\000t\000a\000i\000n\000e\000r\000\040\000L\000i\000s\000t}{chapter*.196}% 86
\BOOKMARK [1][-]{section*.200}{\376\377\000E\000v\000e\000n\000t\000\040\000L\000i\000s\000t}{chapter*.196}% 87
\BOOKMARK [1][-]{section*.204}{\376\377\000R\000o\000u\000t\000i\000n\000g}{chapter*.196}% 88
\BOOKMARK [0][-]{chapter*.207}{\376\377\000U\000s\000i\000n\000g\000\040\000C\000o\000n\000t\000a\000i\000n\000e\000r\000\040\000I\000n\000q\000u\000i\000r\000y\000\040\000t\000o\000\040\000T\000r\000o\000u\000b\000l\000e\000s\000h\000o\000o\000t}{part.5}% 89
\BOOKMARK [1][-]{section*.208}{\376\377\000L\000o\000g\000-\000i\000n\000\040\000L\000o\000c\000a\000t\000i\000o\000n}{chapter*.207}% 90
\BOOKMARK [1][-]{section*.212}{\376\377\000F\000i\000n\000d\000i\000n\000g\000\040\000W\000h\000e\000r\000e\000\040\000S\000a\000m\000p\000l\000e\000s\000\040\000N\000e\000e\000d\000\040\000t\000o\000\040\000G\000o}{chapter*.207}% 91
\BOOKMARK [-1][-]{part.6}{\376\377\000V\000I\000\040\000R\000o\000u\000t\000i\000n\000g\000\040\000i\000n\000\040\000C\000e\000r\000n\000e\000r}{}% 92
\BOOKMARK [0][-]{section*.216}{\376\377\000W\000h\000a\000t\000\040\000i\000s\000\040\000R\000o\000u\000t\000i\000n\000g\000?}{part.6}% 93
\BOOKMARK [1][-]{section*.217}{\376\377\000H\000o\000w\000\040\000D\000o\000e\000s\000\040\000I\000t\000\040\000W\000o\000r\000k\000?}{section*.216}% 94
\BOOKMARK [1][-]{section*.220}{\376\377\000B\000r\000a\000c\000k\000e\000n\000r\000i\000d\000g\000e}{section*.216}% 95
\BOOKMARK [1][-]{section*.221}{\376\377\000D\000e\000l\000l\000\040\000C\000h\000i\000l\000d\000r\000e\000n\000'\000s}{section*.216}% 96
\BOOKMARK [1][-]{section*.222}{\376\377\000E\000d\000g\000a\000r\000\040\000B\000.\000\040\000D\000a\000v\000i\000s}{section*.216}% 97
\BOOKMARK [1][-]{section*.223}{\376\377\000H\000a\000y\000s}{section*.216}% 98
\BOOKMARK [1][-]{section*.224}{\376\377\000H\000i\000g\000h\000l\000a\000n\000d\000\040\000L\000a\000k\000e\000s}{section*.216}% 99
\BOOKMARK [1][-]{section*.225}{\376\377\000N\000o\000r\000t\000h\000w\000e\000s\000t}{section*.216}% 100
\BOOKMARK [1][-]{section*.226}{\376\377\000S\000o\000u\000t\000h\000w\000e\000s\000t}{section*.216}% 101
\BOOKMARK [1][-]{section*.227}{\376\377\000W\000i\000l\000l\000i\000a\000m\000s\000o\000n}{section*.216}% 102
\BOOKMARK [1][-]{section*.228}{\376\377\000S\000e\000t\000o\000n\000\040\000M\000e\000d\000i\000c\000a\000l\000\040\000C\000e\000n\000t\000e\000r}{section*.216}% 103
\BOOKMARK [-1][-]{part.7}{\376\377\000V\000I\000I\000\040\000O\000r\000d\000e\000r\000\040\000R\000e\000s\000u\000l\000t\000\040\000V\000i\000e\000w\000e\000r}{}% 104
\BOOKMARK [0][-]{chapter*.229}{\376\377\000I\000n\000t\000r\000o\000d\000u\000c\000t\000i\000o\000n}{part.7}% 105
\BOOKMARK [0][-]{chapter*.230}{\376\377\000G\000e\000t\000t\000i\000n\000g\000\040\000S\000t\000a\000r\000t\000e\000d}{part.7}% 106
\BOOKMARK [0][-]{chapter*.236}{\376\377\000C\000u\000s\000t\000o\000m\000i\000z\000i\000n\000g\000\040\000D\000e\000m\000o\000g\000r\000a\000p\000h\000i\000c\000s}{part.7}% 107
\BOOKMARK [1][-]{section*.237}{\376\377\000H\000e\000l\000p\000f\000u\000l\000\040\000T\000i\000p\000s}{chapter*.236}% 108
\BOOKMARK [1][-]{section*.238}{\376\377\000C\000h\000a\000n\000g\000i\000n\000g\000\040\000D\000e\000m\000o\000g\000r\000a\000p\000h\000i\000c\000s}{chapter*.236}% 109
\BOOKMARK [1][-]{section*.245}{\376\377\000R\000e\000s\000t\000o\000r\000e\000\040\000t\000o\000\040\000D\000e\000f\000a\000u\000l\000t\000s}{chapter*.236}% 110
\BOOKMARK [0][-]{chapter*.246}{\376\377\000F\000i\000n\000d\000i\000n\000g\000\040\000O\000r\000d\000e\000r\000s}{part.7}% 111
\BOOKMARK [1][-]{section*.247}{\376\377\000S\000e\000a\000r\000c\000h\000i\000n\000g\000\040\000b\000y\000\040\000P\000a\000t\000i\000e\000n\000t}{chapter*.246}% 112
\BOOKMARK [1][-]{section*.251}{\376\377\000S\000e\000a\000r\000c\000h\000i\000n\000g\000\040\000b\000y\000\040\000A\000c\000c\000e\000s\000s\000i\000o\000n\000\040\000N\000u\000m\000b\000e\000r}{chapter*.246}% 113
\BOOKMARK [0][-]{chapter*.255}{\376\377\000V\000i\000e\000w\000i\000n\000g\000\040\000O\000r\000d\000e\000r\000s}{part.7}% 114
\BOOKMARK [1][-]{section*.256}{\376\377\000S\000o\000r\000t\000i\000n\000g\000\040\000t\000h\000e\000\040\000L\000i\000s\000t}{chapter*.255}% 115
\BOOKMARK [1][-]{section*.257}{\376\377\000O\000r\000d\000e\000r\000a\000b\000l\000e\000\040\000S\000t\000a\000t\000u\000s}{chapter*.255}% 116
\BOOKMARK [1][-]{section*.258}{\376\377\000V\000i\000e\000w\000i\000n\000g\000\040\000R\000e\000s\000u\000l\000t\000s}{chapter*.255}% 117
\BOOKMARK [1][-]{section*.261}{\376\377\000F\000l\000o\000w\000s\000h\000e\000e\000t\000\040\000M\000o\000d\000e}{chapter*.255}% 118
\BOOKMARK [1][-]{section*.266}{\376\377\000V\000i\000e\000w\000\040\000C\000o\000m\000m\000e\000n\000t\000s}{chapter*.255}% 119
\BOOKMARK [0][-]{chapter*.267}{\376\377\000B\000r\000a\000n\000c\000h\000i\000n\000g}{part.7}% 120
\BOOKMARK [0][-]{chapter*.270}{\376\377\000C\000a\000n\000c\000e\000l\000i\000n\000g\000\040\000O\000r\000d\000e\000r\000s}{part.7}% 121
\BOOKMARK [0][-]{chapter*.278}{\376\377\000T\000i\000p\000s}{part.7}% 122
\BOOKMARK [1][-]{section*.279}{\376\377\000K\000e\000y\000b\000o\000a\000r\000d\000\040\000S\000h\000o\000r\000t\000c\000u\000t\000s}{chapter*.278}% 123
\BOOKMARK [0][-]{chapter*.280}{\376\377\000T\000r\000o\000u\000b\000l\000e\000s\000h\000o\000o\000t\000i\000n\000g}{part.7}% 124
\BOOKMARK [1][-]{section*.281}{\376\377\000U\000n\000a\000b\000l\000e\000\040\000t\000o\000\040\000S\000e\000a\000r\000c\000h\000\040\000b\000y\000\040\000A\000c\000c\000e\000s\000s\000i\000o\000n\000\040\000N\000u\000m\000b\000e\000r}{chapter*.280}% 125
\BOOKMARK [1][-]{section*.285}{\376\377\000B\000r\000a\000n\000c\000h\000i\000n\000g\000\040\000A\000p\000p\000l\000i\000c\000a\000t\000i\000o\000n\000s\000\040\000W\000o\000n\000'\000t\000\040\000O\000p\000e\000n}{chapter*.280}% 126
\BOOKMARK [-1][-]{part.8}{\376\377\000V\000I\000I\000I\000\040\000P\000e\000n\000d\000i\000n\000g\000\040\000I\000n\000q\000u\000i\000r\000y}{}% 127
\BOOKMARK [0][-]{chapter*.286}{\376\377\000I\000n\000t\000r\000o\000d\000u\000c\000t\000i\000o\000n}{part.8}% 128
\BOOKMARK [0][-]{chapter*.287}{\376\377\000C\000u\000s\000t\000o\000m\000i\000z\000e\000\040\000P\000e\000n\000d\000i\000n\000g\000\040\000I\000n\000q\000u\000i\000r\000y}{part.8}% 129
\BOOKMARK [0][-]{chapter*.302}{\376\377\000P\000u\000l\000l\000i\000n\000g\000\040\000a\000\040\000P\000e\000n\000d\000i\000n\000g\000\040\000L\000o\000g}{part.8}% 130
\BOOKMARK [1][-]{section*.303}{\376\377\000A\000b\000o\000u\000t\000\040\000t\000h\000e\000\040\000O\000p\000t\000i\000o\000n\000s}{chapter*.302}% 131
\BOOKMARK [1][-]{section*.307}{\376\377\000E\000n\000t\000e\000r\000i\000n\000g\000\040\000O\000p\000t\000i\000o\000n\000s}{chapter*.302}% 132
\BOOKMARK [1][-]{section*.313}{\376\377\000R\000e\000f\000r\000e\000s\000h\000i\000n\000g\000\040\000t\000h\000e\000\040\000P\000e\000n\000d\000i\000n\000g\000\040\000L\000i\000s\000t}{chapter*.302}% 133
\BOOKMARK [1][-]{section*.316}{\376\377\000S\000o\000r\000t\000i\000n\000g\000\040\000P\000e\000n\000d\000i\000n\000g\000\040\000I\000n\000q\000u\000i\000r\000y}{chapter*.302}% 134
\BOOKMARK [1][-]{section*.318}{\376\377\000P\000r\000i\000n\000t\000i\000n\000g\000\040\000t\000h\000e\000\040\000P\000e\000n\000d\000i\000n\000g\000\040\000L\000o\000g}{chapter*.302}% 135
\BOOKMARK [0][-]{chapter*.327}{\376\377\000B\000r\000a\000n\000c\000h\000i\000n\000g\000\040\000f\000r\000o\000m\000\040\000P\000e\000n\000d\000i\000n\000g\000\040\000I\000n\000q\000u\000i\000r\000y}{part.8}% 136
\BOOKMARK [0][-]{chapter*.330}{\376\377\000C\000a\000n\000c\000e\000l\000i\000n\000g}{part.8}% 137
\BOOKMARK [0][-]{chapter*.338}{\376\377\000T\000r\000a\000n\000s\000f\000e\000r\000\040\000S\000a\000m\000p\000l\000e\000s}{part.8}% 138
\BOOKMARK [1][-]{section*.339}{\376\377\000R\000e\000r\000o\000u\000t\000e\000\040\000S\000a\000m\000p\000l\000e\000s}{chapter*.338}% 139
\BOOKMARK [0][-]{chapter*.360}{\376\377\000T\000i\000p\000s\000\040\000a\000n\000d\000\040\000T\000r\000i\000c\000k\000s}{part.8}% 140
\BOOKMARK [1][-]{section*.361}{\376\377\000K\000e\000y\000b\000o\000a\000r\000d\000\040\000S\000h\000o\000r\000t\000c\000u\000t\000s}{chapter*.360}% 141
\BOOKMARK [-1][-]{part.9}{\376\377\000I\000X\000\040\000T\000r\000a\000n\000s\000f\000e\000r\000\040\000S\000p\000e\000c\000i\000m\000e\000n}{}% 142
\BOOKMARK [0][-]{chapter*.362}{\376\377\000I\000n\000t\000r\000o\000d\000u\000c\000t\000i\000o\000n}{part.9}% 143
\BOOKMARK [0][-]{chapter*.363}{\376\377\000G\000e\000t\000t\000i\000n\000g\000\040\000S\000t\000a\000r\000t\000e\000d}{part.9}% 144
\BOOKMARK [1][-]{section*.364}{\376\377\000S\000t\000a\000t\000u\000s}{chapter*.363}% 145
\BOOKMARK [1][-]{section*.365}{\376\377\000R\000o\000u\000t\000e}{chapter*.363}% 146
\BOOKMARK [0][-]{chapter*.366}{\376\377\000C\000r\000e\000a\000t\000e\000\040\000a\000\040\000T\000r\000a\000n\000s\000f\000e\000r\000\040\000L\000i\000s\000t}{part.9}% 147
\BOOKMARK [1][-]{section*.367}{\376\377\000L\000i\000s\000t\000\040\000B\000u\000i\000l\000d}{chapter*.366}% 148
\BOOKMARK [0][-]{chapter*.377}{\376\377\000U\000p\000d\000a\000t\000i\000n\000g\000\040\000T\000r\000a\000n\000s\000f\000e\000r\000\040\000L\000i\000s\000t\000s}{part.9}% 149
\BOOKMARK [1][-]{section*.378}{\376\377\000A\000d\000d\000i\000n\000g\000\040\000o\000r\000\040\000R\000e\000m\000o\000v\000i\000n\000g\000\040\000C\000o\000n\000t\000a\000i\000n\000e\000r\000s}{chapter*.377}% 150
\BOOKMARK [1][-]{section*.388}{\376\377\000D\000e\000l\000e\000t\000i\000n\000g\000\040\000a\000\040\000T\000r\000a\000n\000s\000f\000e\000r\000\040\000L\000i\000s\000t}{chapter*.377}% 151
\BOOKMARK [1][-]{section*.396}{\376\377\000T\000r\000a\000n\000s\000f\000e\000r\000r\000i\000n\000g\000\040\000T\000r\000a\000n\000s\000f\000e\000r\000\040\000L\000i\000s\000t\000s}{chapter*.377}% 152
\BOOKMARK [0][-]{chapter*.410}{\376\377\000T\000r\000o\000u\000b\000l\000e\000s\000h\000o\000o\000t\000i\000n\000g}{part.9}% 153
\BOOKMARK [1][-]{section*.411}{\376\377\000I\000\040\000C\000a\000n\000'\000t\000\040\000F\000i\000n\000d\000\040\000a\000\040\000C\000o\000n\000t\000a\000i\000n\000e\000r}{chapter*.410}% 154
\BOOKMARK [1][-]{section*.432}{\376\377\000I\000\040\000C\000a\000n\000'\000t\000\040\000F\000i\000n\000d\000\040\000a\000\040\000L\000i\000s\000t}{chapter*.410}% 155
\BOOKMARK [-1][-]{part.10}{\376\377\000X\000\040\000A\000c\000c\000e\000s\000s\000i\000o\000n\000\040\000R\000e\000s\000u\000l\000t\000\040\000E\000n\000t\000r\000y}{}% 156
\BOOKMARK [0][-]{chapter*.438}{\376\377\000I\000n\000t\000r\000o\000d\000u\000c\000t\000i\000o\000n}{part.10}% 157
\BOOKMARK [1][-]{section*.439}{\376\377\000A\000b\000o\000u\000t\000\040\000t\000h\000i\000s\000\040\000P\000r\000o\000c\000e\000d\000u\000r\000e}{chapter*.438}% 158
\BOOKMARK [1][-]{section*.440}{\376\377\000A\000c\000c\000e\000s\000s\000i\000o\000n\000\040\000R\000e\000s\000u\000l\000t\000\040\000E\000n\000t\000r\000y\000\040\000M\000o\000d\000e\000s}{chapter*.438}% 159
\BOOKMARK [0][-]{chapter*.441}{\376\377\000C\000u\000s\000t\000o\000m\000i\000z\000i\000n\000g\000\040\000A\000c\000c\000e\000s\000s\000i\000o\000n\000\040\000R\000e\000s\000u\000l\000t\000\040\000E\000n\000t\000r\000y}{part.10}% 160
\BOOKMARK [1][-]{section*.442}{\376\377\000S\000e\000t\000u\000p\000\040\000R\000e\000s\000u\000l\000t\000\040\000V\000i\000e\000w}{chapter*.441}% 161
\BOOKMARK [1][-]{section*.450}{\376\377\000A\000s\000s\000a\000y\000\040\000S\000o\000r\000t\000i\000n\000g}{chapter*.441}% 162
\BOOKMARK [0][-]{chapter*.455}{\376\377\000C\000u\000s\000t\000o\000m\000i\000z\000i\000n\000g\000\040\000D\000e\000m\000o\000g\000r\000a\000p\000h\000i\000c\000s}{part.10}% 163
\BOOKMARK [1][-]{section*.456}{\376\377\000H\000e\000l\000p\000f\000u\000l\000\040\000T\000i\000p\000s}{chapter*.455}% 164
\BOOKMARK [1][-]{section*.457}{\376\377\000C\000h\000a\000n\000g\000i\000n\000g\000\040\000D\000e\000m\000o\000g\000r\000a\000p\000h\000i\000c\000s}{chapter*.455}% 165
\BOOKMARK [1][-]{section*.464}{\376\377\000R\000e\000s\000t\000o\000r\000e\000\040\000t\000o\000\040\000D\000e\000f\000a\000u\000l\000t\000s}{chapter*.455}% 166
\BOOKMARK [0][-]{chapter*.465}{\376\377\000E\000n\000t\000e\000r\000i\000n\000g\000\040\000R\000e\000s\000u\000l\000t\000s}{part.10}% 167
\BOOKMARK [1][-]{section*.466}{\376\377\000M\000a\000n\000u\000a\000l\000\040\000R\000e\000s\000u\000l\000t\000\040\000E\000n\000t\000r\000y}{chapter*.465}% 168
\BOOKMARK [1][-]{section*.474}{\376\377\000R\000e\000s\000u\000l\000t\000\040\000T\000y\000p\000e\000s}{chapter*.465}% 169
\BOOKMARK [1][-]{section*.480}{\376\377\000E\000n\000t\000e\000r\000i\000n\000g\000\040\000C\000o\000m\000m\000e\000n\000t\000s}{chapter*.465}% 170
\BOOKMARK [0][-]{chapter*.483}{\376\377\000I\000n\000t\000e\000r\000p\000r\000e\000t\000i\000n\000g\000\040\000R\000e\000s\000u\000l\000t\000s}{part.10}% 171
\BOOKMARK [1][-]{section*.484}{\376\377\000F\000l\000a\000g\000s}{chapter*.483}% 172
\BOOKMARK [1][-]{section*.485}{\376\377\000R\000e\000v\000i\000e\000w\000\040\000R\000a\000n\000g\000e}{chapter*.483}% 173
\BOOKMARK [1][-]{section*.486}{\376\377\000C\000r\000i\000t\000i\000c\000a\000l\000\040\000R\000e\000s\000u\000l\000t\000s}{chapter*.483}% 174
\BOOKMARK [1][-]{section*.487}{\376\377\000L\000i\000n\000e\000a\000r\000i\000t\000i\000e\000s}{chapter*.483}% 175
\BOOKMARK [1][-]{section*.492}{\376\377\000R\000e\000f\000e\000r\000e\000n\000c\000e\000\040\000R\000a\000n\000g\000e\000s}{chapter*.483}% 176
\BOOKMARK [0][-]{chapter*.493}{\376\377\000V\000e\000r\000i\000f\000y\000i\000n\000g\000\040\000R\000e\000s\000u\000l\000t\000s}{part.10}% 177
\BOOKMARK [1][-]{section*.496}{\376\377\000V\000e\000r\000i\000f\000y\000i\000n\000g\000\040\000C\000r\000i\000t\000i\000c\000a\000l\000\040\000R\000e\000s\000u\000l\000t\000s}{chapter*.493}% 178
\BOOKMARK [0][-]{chapter*.497}{\376\377\000D\000i\000f\000f\000e\000r\000e\000n\000t\000i\000a\000l\000\040\000M\000o\000d\000e}{part.10}% 179
\BOOKMARK [1][-]{section*.498}{\376\377\000O\000r\000d\000e\000r\000s\000\040\000w\000i\000t\000h\000\040\000D\000i\000f\000f\000e\000r\000e\000n\000t\000i\000a\000l\000s}{chapter*.497}% 180
\BOOKMARK [1][-]{section*.499}{\376\377\000B\000o\000d\000y\000\040\000F\000l\000u\000i\000d\000\040\000D\000i\000f\000f\000e\000r\000e\000n\000t\000i\000a\000l\000s}{chapter*.497}% 181
\BOOKMARK [1][-]{section*.521}{\376\377\000C\000B\000C\000\040\000D\000i\000f\000f\000e\000r\000e\000n\000t\000i\000a\000l\000s}{chapter*.497}% 182
\BOOKMARK [0][-]{chapter*.536}{\376\377\000C\000o\000r\000r\000e\000c\000t\000i\000o\000n\000\040\000M\000o\000d\000e}{part.10}% 183
\BOOKMARK [1][-]{section*.539}{\376\377\000C\000o\000r\000r\000e\000c\000t\000i\000n\000g\000\040\000R\000e\000s\000u\000l\000t\000s}{chapter*.536}% 184
\BOOKMARK [0][-]{chapter*.552}{\376\377\000I\000n\000s\000t\000r\000u\000m\000e\000n\000t\000\040\000Q\000u\000e\000u\000e\000\040\000M\000o\000d\000e}{part.10}% 185
\BOOKMARK [1][-]{section*.553}{\376\377\000O\000p\000e\000n\000i\000n\000g\000\040\000I\000n\000s\000t\000r\000u\000m\000e\000n\000t\000\040\000Q\000u\000e\000u\000e}{chapter*.552}% 186
\BOOKMARK [1][-]{section*.557}{\376\377\000C\000o\000s\000m\000e\000t\000i\000c\000\040\000D\000i\000f\000f\000e\000r\000e\000n\000c\000e\000s}{chapter*.552}% 187
\BOOKMARK [1][-]{section*.558}{\376\377\000U\000s\000i\000n\000g\000\040\000I\000n\000s\000t\000r\000u\000m\000e\000n\000t\000\040\000Q\000u\000e\000u\000e}{chapter*.552}% 188
\BOOKMARK [0][-]{chapter*.570}{\376\377\000A\000d\000d\000i\000t\000i\000o\000n\000a\000l\000\040\000I\000n\000f\000o\000r\000m\000a\000t\000i\000o\000n}{part.10}% 189
\BOOKMARK [1][-]{section*.571}{\376\377\000G\000e\000t\000t\000i\000n\000g\000\040\000A\000s\000s\000a\000y\000\040\000I\000n\000f\000o\000r\000m\000a\000t\000i\000o\000n}{chapter*.570}% 190
\BOOKMARK [1][-]{section*.576}{\376\377\000P\000r\000e\000v\000i\000o\000u\000s\000\040\000R\000e\000s\000u\000l\000t\000s}{chapter*.570}% 191
\BOOKMARK [0][-]{chapter*.580}{\376\377\000T\000r\000o\000u\000b\000l\000e\000s\000h\000o\000o\000t\000i\000n\000g}{part.10}% 192
\BOOKMARK [1][-]{section*.581}{\376\377\000T\000o\000o\000\040\000M\000a\000n\000y\000\040\000D\000i\000g\000i\000t\000s}{chapter*.580}% 193
\BOOKMARK [1][-]{section*.582}{\376\377\000D\000e\000c\000i\000m\000a\000l\000s\000\040\000N\000o\000t\000\040\000A\000l\000l\000o\000w\000e\000d}{chapter*.580}% 194
\BOOKMARK [1][-]{section*.583}{\376\377\000U\000n\000a\000b\000l\000e\000\040\000t\000o\000\040\000E\000n\000t\000e\000r\000\040\000R\000e\000s\000u\000l\000t\000s}{chapter*.580}% 195
\BOOKMARK [-1][-]{part.11}{\376\377\000X\000I\000\040\000M\000o\000d\000i\000f\000y\000\040\000C\000o\000l\000l\000e\000c\000t\000i\000o\000n\000s}{}% 196
\BOOKMARK [-1][-]{part.12}{\376\377\000X\000I\000I\000\040\000W\000o\000r\000k\000l\000i\000s\000t\000\040\000R\000e\000q\000u\000e\000s\000t}{}% 197
\BOOKMARK [0][-]{chapter*.598}{\376\377\000I\000n\000t\000r\000o\000d\000u\000c\000t\000i\000o\000n}{part.12}% 198
\BOOKMARK [0][-]{chapter*.599}{\376\377\000A\000b\000o\000u\000t\000\040\000W\000o\000r\000k\000l\000i\000s\000t\000s}{part.12}% 199
\BOOKMARK [0][-]{chapter*.600}{\376\377\000B\000u\000i\000l\000d\000i\000n\000g\000\040\000W\000o\000r\000k\000l\000i\000s\000t\000s}{part.12}% 200
\BOOKMARK [0][-]{chapter*.604}{\376\377\000M\000o\000d\000i\000f\000y\000i\000n\000g\000\040\000t\000h\000e\000\040\000W\000o\000r\000k\000l\000i\000s\000t}{part.12}% 201
\BOOKMARK [1][-]{section*.605}{\376\377\000M\000o\000v\000i\000n\000g\000\040\000I\000t\000e\000m\000s\000\040\000o\000n\000\040\000t\000h\000e\000\040\000L\000i\000s\000t}{chapter*.604}% 202
\BOOKMARK [1][-]{section*.608}{\376\377\000R\000e\000m\000o\000v\000i\000n\000g\000\040\000a\000n\000\040\000I\000t\000e\000m}{chapter*.604}% 203
\BOOKMARK [1][-]{section*.611}{\376\377\000A\000d\000d\000i\000n\000g\000\040\000a\000n\000\040\000I\000t\000e\000m}{chapter*.604}% 204
\BOOKMARK [0][-]{chapter*.616}{\376\377\000P\000r\000i\000n\000t\000i\000n\000g\000\040\000W\000o\000r\000k\000l\000i\000s\000t\000s}{part.12}% 205
\BOOKMARK [1][-]{section*.617}{\376\377\000P\000r\000i\000n\000t\000\040\000W\000o\000r\000k\000l\000i\000s\000t\000s}{chapter*.616}% 206
\BOOKMARK [1][-]{section*.625}{\376\377\000C\000r\000e\000a\000t\000i\000n\000g\000\040\000F\000a\000v\000o\000r\000i\000t\000e\000\040\000P\000r\000i\000n\000t\000e\000r\000s}{chapter*.616}% 207
\BOOKMARK [1][-]{section*.634}{\376\377\000P\000r\000i\000n\000t\000\040\000P\000r\000e\000v\000i\000e\000w}{chapter*.616}% 208
\BOOKMARK [0][-]{chapter*.638}{\376\377\000T\000r\000o\000u\000b\000l\000e\000s\000h\000o\000o\000t\000i\000n\000g}{part.12}% 209
\BOOKMARK [1][-]{section*.639}{\376\377\000I\000\040\000c\000a\000n\000'\000t\000\040\000f\000i\000n\000d\000\040\000m\000y\000\040\000p\000r\000i\000n\000t\000e\000r\000!}{chapter*.638}% 210
\BOOKMARK [1][-]{section*.640}{\376\377\000I\000'\000m\000\040\000M\000i\000s\000s\000i\000n\000g\000\040\000A\000c\000c\000e\000s\000s\000i\000o\000n\000s}{chapter*.638}% 211
\BOOKMARK [-1][-]{part.13}{\376\377\000X\000I\000I\000I\000\040\000C\000o\000m\000m\000e\000n\000t\000s}{}% 212
\BOOKMARK [0][-]{chapter*.641}{\376\377\000I\000n\000t\000r\000o\000d\000u\000c\000t\000i\000o\000n}{part.13}% 213
\BOOKMARK [1][-]{section*.642}{\376\377\000C\000o\000m\000m\000e\000n\000t\000s\000\040\000v\000s\000.\000\040\000N\000o\000t\000e\000s}{chapter*.641}% 214
\BOOKMARK [1][-]{section*.643}{\376\377\000O\000r\000d\000e\000r\000\040\000C\000o\000m\000m\000e\000n\000t\000\040\000v\000s\000.\000\040\000R\000e\000s\000u\000l\000t\000\040\000C\000o\000m\000m\000e\000n\000t}{chapter*.641}% 215
\BOOKMARK [0][-]{chapter*.644}{\376\377\000A\000d\000d\000i\000n\000g\000\040\000C\000o\000m\000m\000e\000n\000t\000s}{part.13}% 216
\BOOKMARK [1][-]{section*.651}{\376\377\000A\000d\000d\000i\000n\000g\000\040\000C\000o\000m\000m\000e\000n\000t\000s\000\040\000t\000o\000\040\000M\000u\000l\000t\000i\000p\000l\000e\000\040\000R\000e\000s\000u\000l\000t\000s}{chapter*.644}% 217
\BOOKMARK [0][-]{chapter*.656}{\376\377\000U\000s\000i\000n\000g\000\040\000T\000e\000m\000p\000l\000a\000t\000e\000s}{part.13}% 218
\BOOKMARK [1][-]{section*.657}{\376\377\000E\000x\000p\000a\000n\000d\000i\000n\000g\000\040\000T\000e\000m\000p\000l\000a\000t\000e\000s}{chapter*.656}% 219
\BOOKMARK [0][-]{chapter*.665}{\376\377\000T\000e\000m\000p\000l\000a\000t\000e\000s\000\040\000a\000n\000d\000\040\000M\000n\000e\000m\000o\000n\000i\000c\000s}{part.13}% 220
\BOOKMARK [0][-]{chapter*.666}{\376\377\000T\000e\000m\000p\000l\000a\000t\000e\000\040\000H\000o\000t\000k\000e\000y\000s}{part.13}% 221
\BOOKMARK [-1][-]{part.14}{\376\377\000X\000I\000V\000\040\000T\000A\000T\000\040\000M\000o\000n\000i\000t\000o\000r}{}% 222
\BOOKMARK [0][-]{section*.668}{\376\377\000H\000o\000w\000\040\000i\000t\000\040\000W\000o\000r\000k\000s}{part.14}% 223
\BOOKMARK [1][-]{section*.671}{\376\377\000W\000h\000a\000t\000'\000s\000\040\000D\000i\000s\000p\000l\000a\000y\000e\000d}{section*.668}% 224
\BOOKMARK [-1][-]{part.15}{\376\377\000X\000V\000\040\000P\000r\000i\000n\000t\000i\000n\000g\000\040\000L\000a\000b\000e\000l\000s}{}% 225
\BOOKMARK [0][-]{chapter*.673}{\376\377\000L\000a\000b\000e\000l\000\040\000R\000e\000p\000r\000i\000n\000t}{part.15}% 226
\BOOKMARK [0][-]{chapter*.677}{\376\377\000L\000a\000b\000e\000l\000\040\000P\000r\000e\000p\000r\000i\000n\000t}{part.15}% 227
\BOOKMARK [1][-]{section*.678}{\376\377\000A\000b\000o\000u\000t\000\040\000D\000o\000w\000n\000t\000i\000m\000e\000\040\000A\000c\000c\000e\000s\000s\000i\000o\000n\000\040\000N\000u\000m\000b\000e\000r\000s}{chapter*.677}% 228
\BOOKMARK [1][-]{section*.679}{\376\377\000P\000r\000i\000n\000t\000i\000n\000g\000\040\000D\000o\000w\000n\000t\000i\000m\000e\000\040\000L\000a\000b\000e\000l\000s}{chapter*.677}% 229
\BOOKMARK [0][-]{chapter*.686}{\376\377\000M\000e\000d\000i\000a\000\040\000L\000a\000b\000e\000l\000\040\000R\000e\000p\000r\000i\000n\000t}{part.15}% 230
\BOOKMARK [-1][-]{part.16}{\376\377\000X\000V\000I\000\040\000A\000p\000p\000e\000n\000d\000i\000x}{}% 231
\BOOKMARK [0][-]{chapter*.690}{\376\377\000C\000u\000s\000t\000o\000m\000i\000z\000i\000n\000g\000\040\000D\000e\000m\000o\000g\000r\000a\000p\000h\000i\000c\000s}{part.16}% 232
\BOOKMARK [1][-]{section*.691}{\376\377\000H\000e\000l\000p\000f\000u\000l\000\040\000T\000i\000p\000s}{chapter*.690}% 233
\BOOKMARK [1][-]{section*.692}{\376\377\000C\000h\000a\000n\000g\000i\000n\000g\000\040\000D\000e\000m\000o\000g\000r\000a\000p\000h\000i\000c\000s}{chapter*.690}% 234
\BOOKMARK [1][-]{section*.699}{\376\377\000R\000e\000s\000t\000o\000r\000e\000\040\000t\000o\000\040\000D\000e\000f\000a\000u\000l\000t\000s}{chapter*.690}% 235
\BOOKMARK [0][-]{chapter*.700}{\376\377\000K\000e\000y\000b\000o\000a\000r\000d\000\040\000S\000h\000o\000r\000t\000c\000u\000t\000s}{part.16}% 236
\BOOKMARK [0][-]{chapter*.701}{\376\377\000S\000u\000n\000q\000u\000e\000s\000t\000\040\000t\000o\000\040\000C\000e\000r\000n\000e\000r\000:\000\040\000A\000p\000p\000l\000i\000c\000a\000t\000i\000o\000n\000\040\000E\000q\000u\000i\000v\000a\000l\000e\000n\000t\000s}{part.16}% 237
\BOOKMARK [-1][-]{part.17}{\376\377\000X\000V\000I\000I\000\040\000C\000l\000a\000s\000s\000\040\000A\000c\000t\000i\000v\000i\000t\000i\000e\000s}{}% 238
\BOOKMARK [0][-]{chapter*.702}{\376\377\000Q\000u\000i\000c\000k\000\040\000r\000e\000f\000e\000r\000e\000n\000c\000e}{part.17}% 239
\BOOKMARK [0][-]{chapter*.703}{\376\377\000G\000e\000t\000t\000i\000n\000g\000\040\000S\000t\000a\000r\000t\000e\000d}{part.17}% 240
\BOOKMARK [1][-]{section*.704}{\376\377\000O\000p\000e\000n\000i\000n\000g\000\040\000t\000h\000e\000\040\000A\000p\000p\000-\000B\000a\000r}{chapter*.703}% 241
\BOOKMARK [1][-]{section*.705}{\376\377\000A\000b\000o\000u\000t\000\040\000t\000h\000e\000\040\000C\000l\000a\000s\000s}{chapter*.703}% 242
\BOOKMARK [1][-]{section*.706}{\376\377\000A\000c\000c\000e\000s\000s\000i\000o\000n\000\040\000N\000u\000m\000b\000e\000r\000s}{chapter*.703}% 243
\BOOKMARK [1][-]{section*.708}{\376\377\000R\000o\000u\000t\000i\000n\000g}{chapter*.703}% 244
\BOOKMARK [0][-]{chapter*.714}{\376\377\000D\000e\000p\000a\000r\000t\000m\000e\000n\000t\000\040\000O\000r\000d\000e\000r\000\040\000E\000n\000t\000r\000y}{part.17}% 245
\BOOKMARK [1][-]{section*.715}{\376\377\000S\000e\000t\000\040\000D\000e\000f\000a\000u\000l\000t\000s}{chapter*.714}% 246
\BOOKMARK [1][-]{section*.716}{\376\377\000P\000l\000a\000c\000i\000n\000g\000\040\000a\000n\000\040\000O\000r\000d\000e\000r}{chapter*.714}% 247
\BOOKMARK [1][-]{section*.721}{\376\377\000A\000c\000c\000e\000s\000s\000i\000o\000n\000\040\000A\000d\000d\000-\000O\000n}{chapter*.714}% 248
\BOOKMARK [0][-]{chapter*.723}{\376\377\000C\000o\000n\000t\000a\000i\000n\000e\000r\000\040\000I\000n\000q\000u\000i\000r\000y}{part.17}% 249
\BOOKMARK [1][-]{section*.724}{\376\377\000T\000r\000o\000u\000b\000l\000e\000s\000h\000o\000o\000t\000i\000n\000g}{chapter*.723}% 250
\BOOKMARK [0][-]{chapter*.725}{\376\377\000A\000c\000c\000e\000s\000s\000i\000o\000n\000\040\000R\000e\000s\000u\000l\000t\000\040\000E\000n\000t\000r\000y}{part.17}% 251
\BOOKMARK [1][-]{section*.726}{\376\377\000D\000e\000f\000a\000u\000l\000t\000\040\000V\000a\000l\000u\000e\000s}{chapter*.725}% 252
\BOOKMARK [1][-]{section*.727}{\376\377\000E\000n\000t\000e\000r\000i\000n\000g\000\040\000R\000e\000s\000u\000l\000t\000s}{chapter*.725}% 253
\BOOKMARK [0][-]{chapter*.729}{\376\377\000O\000r\000d\000e\000r\000\040\000R\000e\000s\000u\000l\000t\000\040\000V\000i\000e\000w\000e\000r}{part.17}% 254
\BOOKMARK [1][-]{section*.730}{\376\377\000S\000e\000t\000\040\000D\000e\000f\000a\000u\000l\000t\000s}{chapter*.729}% 255
\BOOKMARK [1][-]{section*.731}{\376\377\000P\000u\000l\000l\000\040\000u\000p\000\040\000O\000r\000d\000e\000r}{chapter*.729}% 256
\BOOKMARK [1][-]{section*.732}{\376\377\000C\000a\000n\000c\000e\000l\000\040\000O\000r\000d\000e\000r}{chapter*.729}% 257
\BOOKMARK [0][-]{chapter*.733}{\376\377\000P\000e\000n\000d\000i\000n\000g\000\040\000I\000n\000q\000u\000i\000r\000y}{part.17}% 258
\BOOKMARK [1][-]{section*.734}{\376\377\000P\000u\000l\000l\000i\000n\000g\000\040\000a\000\040\000p\000e\000n\000d\000i\000n\000g}{chapter*.733}% 259
\BOOKMARK [0][-]{chapter*.735}{\376\377\000T\000r\000a\000n\000s\000f\000e\000r\000\040\000S\000p\000e\000c\000i\000m\000e\000n\000s}{part.17}% 260
\BOOKMARK [0][-]{chapter*.736}{\376\377\000S\000p\000e\000c\000i\000m\000e\000n\000\040\000L\000o\000g\000i\000n}{part.17}% 261
\BOOKMARK [0][-]{chapter*.737}{\376\377\000M\000o\000d\000i\000f\000y\000\040\000C\000o\000l\000l\000e\000c\000t\000i\000o\000n\000s}{part.17}% 262
\BOOKMARK [0][-]{chapter*.738}{}{part.17}% 263
\BOOKMARK [-1][-]{part.18}{\376\377\000X\000V\000I\000I\000I\000\040\000C\000l\000a\000s\000s\000\040\000A\000c\000t\000i\000v\000i\000t\000i\000e\000s}{}% 264
\BOOKMARK [0][-]{section*.739}{\376\377\000D\000e\000p\000a\000r\000t\000m\000e\000n\000t\000\040\000O\000r\000d\000e\000r\000\040\000E\000n\000t\000r\000y}{part.18}% 265
\BOOKMARK [1][-]{section*.742}{\376\377\000C\000o\000n\000t\000a\000i\000n\000e\000r\000\040\000I\000n\000q\000u\000i\000r\000y}{section*.739}% 266
\BOOKMARK [0][-]{chapter*.743}{\376\377\000E\000n\000t\000e\000r\000i\000n\000g\000\040\000R\000e\000s\000u\000l\000t\000s}{part.18}% 267
\BOOKMARK [1][-]{section*.744}{\376\377\000A\000c\000c\000e\000s\000s\000i\000o\000n\000\040\000R\000e\000s\000u\000l\000t\000\040\000E\000n\000t\000r\000y}{chapter*.743}% 268
\BOOKMARK [0][-]{chapter*.748}{\376\377\000V\000i\000e\000w\000i\000n\000g\000\040\000O\000r\000d\000e\000r\000s}{part.18}% 269
\BOOKMARK [1][-]{section*.749}{\376\377\000O\000r\000d\000e\000r\000\040\000R\000e\000s\000u\000l\000t\000\040\000V\000i\000e\000w\000e\000r}{chapter*.748}% 270
\BOOKMARK [1][-]{section*.752}{\376\377\000P\000e\000n\000d\000i\000n\000g\000\040\000I\000n\000q\000u\000i\000r\000y}{chapter*.748}% 271
\BOOKMARK [0][-]{chapter*.753}{\376\377\000T\000r\000a\000n\000s\000f\000e\000r\000\040\000S\000p\000e\000c\000i\000m\000e\000n}{part.18}% 272
\BOOKMARK [1][-]{section*.754}{\376\377\000C\000r\000e\000a\000t\000i\000n\000g\000\040\000L\000i\000s\000t\000s}{chapter*.753}% 273
\BOOKMARK [0][-]{chapter*.758}{\376\377\000S\000p\000e\000c\000i\000m\000e\000n\000\040\000L\000o\000g\000i\000n}{part.18}% 274
\BOOKMARK [1][-]{section*.759}{\376\377\000L\000o\000g\000-\000i\000n\000\040\000B\000y\000\040\000A\000c\000c\000e\000s\000s\000i\000o\000n}{chapter*.758}% 275
\BOOKMARK [1][-]{section*.760}{\376\377\000L\000o\000g\000i\000n\000\040\000B\000y\000\040\000L\000i\000s\000t}{chapter*.758}% 276
\BOOKMARK [0][-]{chapter*.761}{\376\377\000A\000d\000v\000a\000n\000c\000e\000d\000\040\000A\000R\000E}{part.18}% 277
\BOOKMARK [1][-]{section*.762}{\376\377\000D\000i\000f\000f\000e\000r\000e\000n\000t\000i\000a\000l\000\040\000M\000o\000d\000e}{chapter*.761}% 278
\BOOKMARK [-1][-]{part.19}{\376\377\000X\000I\000X\000\040\000P\000r\000a\000c\000t\000i\000c\000e\000\040\0001}{}% 279
\BOOKMARK [0][-]{section*.763}{\376\377\000D\000e\000p\000a\000r\000t\000m\000e\000n\000t\000\040\000O\000r\000d\000e\000r\000\040\000E\000n\000t\000r\000y}{part.19}% 280
\BOOKMARK [1][-]{section*.766}{\376\377\000C\000o\000n\000t\000a\000i\000n\000e\000r\000\040\000I\000n\000q\000u\000i\000r\000y}{section*.763}% 281
\BOOKMARK [1][-]{section*.767}{\376\377\000O\000r\000d\000e\000r\000\040\000R\000e\000s\000u\000l\000t\000\040\000V\000i\000e\000w\000e\000r}{section*.763}% 282
\BOOKMARK [0][-]{chapter*.768}{\376\377\000T\000r\000o\000u\000b\000l\000e\000s\000h\000o\000o\000t\000i\000n\000g\000\040\000E\000x\000e\000r\000c\000i\000s\000e\000s}{part.19}% 283
\BOOKMARK [1][-]{section*.769}{\376\377\000E\000x\000e\000r\000c\000i\000s\000e\000\040\000O\000n\000e}{chapter*.768}% 284
\BOOKMARK [1][-]{section*.770}{\376\377\000E\000x\000e\000r\000c\000i\000s\000e\000\040\000T\000w\000o}{chapter*.768}% 285
\BOOKMARK [1][-]{section*.771}{\376\377\000E\000x\000e\000r\000c\000i\000s\000e\000\040\000T\000h\000r\000e\000e}{chapter*.768}% 286
\BOOKMARK [0][-]{chapter*.772}{\376\377\000A\000c\000c\000e\000s\000s\000i\000o\000n\000\040\000R\000e\000s\000u\000l\000t\000\040\000E\000n\000t\000r\000y}{part.19}% 287
\BOOKMARK [1][-]{section*.773}{\376\377\000C\000h\000e\000m\000i\000s\000t\000r\000y\000\040\000R\000e\000s\000u\000l\000t\000i\000n\000g}{chapter*.772}% 288
\BOOKMARK [1][-]{section*.774}{\376\377\000C\000B\000C\000\040\000R\000e\000s\000u\000l\000t\000i\000n\000g}{chapter*.772}% 289
\BOOKMARK [-1][-]{part.20}{\376\377\000X\000X\000\040\000P\000r\000a\000c\000t\000i\000c\000e\000\040\0002}{}% 290
\BOOKMARK [0][-]{section*.775}{\376\377\000W\000h\000i\000c\000h\000\040\000A\000p\000p\000l\000i\000c\000a\000t\000i\000o\000n\000?}{part.20}% 291
\BOOKMARK [0][-]{chapter*.776}{\376\377\000T\000r\000o\000u\000b\000l\000e\000s\000h\000o\000o\000t\000i\000n\000g}{part.20}% 292
\BOOKMARK [1][-]{section*.777}{\376\377\000E\000x\000e\000r\000c\000i\000s\000e\000\040\000O\000n\000e}{chapter*.776}% 293
\BOOKMARK [1][-]{section*.778}{\376\377\000E\000x\000e\000r\000c\000i\000s\000e\000\040\000T\000w\000o}{chapter*.776}% 294
\BOOKMARK [1][-]{section*.779}{\376\377\000E\000x\000e\000r\000c\000i\000s\000e\000\040\000T\000h\000r\000e\000e}{chapter*.776}% 295
\BOOKMARK [1][-]{section*.780}{\376\377\000E\000x\000e\000r\000c\000i\000s\000e\000\040\000F\000o\000u\000r}{chapter*.776}% 296
