\BOOKMARK [-1][-]{part.1}{\376\377\000I\000\040\000C\000e\000r\000n\000e\000r\000\040\000A\000p\000p\000-\000B\000a\000r}{}% 1
\BOOKMARK [0][-]{chapter*.2}{\376\377\000I\000n\000t\000r\000o\000d\000u\000c\000t\000i\000o\000n}{part.1}% 2
\BOOKMARK [0][-]{chapter*.3}{\376\377\000B\000a\000s\000i\000c\000\040\000S\000e\000t\000t\000i\000n\000g\000s}{part.1}% 3
\BOOKMARK [0][-]{chapter*.6}{\376\377\000A\000d\000d\000i\000n\000g\000\040\000A\000p\000p\000l\000i\000c\000a\000t\000i\000o\000n\000s}{part.1}% 4
\BOOKMARK [1][-]{section*.9}{\376\377\000S\000o\000r\000t\000i\000n\000g\000\040\000t\000h\000e\000\040\000A\000p\000p\000l\000i\000c\000a\000t\000i\000o\000n\000s}{chapter*.6}% 5
\BOOKMARK [1][-]{section*.16}{\376\377\000G\000r\000o\000u\000p\000i\000n\000g\000\040\000t\000h\000e\000\040\000A\000p\000p\000l\000i\000c\000a\000t\000i\000o\000n\000s}{chapter*.6}% 6
\BOOKMARK [0][-]{chapter*.20}{\376\377\000W\000h\000i\000c\000h\000\040\000a\000p\000p\000s\000\040\000d\000o\000\040\000I\000\040\000n\000e\000e\000d\000?}{part.1}% 7
\BOOKMARK [1][-]{section*.21}{\376\377\000R\000e\000q\000u\000i\000r\000e\000d\000\040\000f\000o\000r\000\040\000e\000v\000e\000r\000y\000o\000n\000e}{chapter*.20}% 8
\BOOKMARK [1][-]{section*.22}{\376\377\000H\000e\000l\000p\000f\000u\000l\000\040\000A\000p\000p\000l\000i\000c\000a\000t\000i\000o\000n\000s}{chapter*.20}% 9
\BOOKMARK [1][-]{section*.23}{\376\377\000M\000i\000c\000r\000o\000b\000i\000o\000l\000o\000g\000y\000\040\000A\000p\000p\000l\000i\000c\000a\000t\000i\000o\000n\000s}{chapter*.20}% 10
\BOOKMARK [1][-]{section*.24}{\376\377\000B\000l\000o\000o\000d\000\040\000B\000a\000n\000k\000\040\000A\000p\000p\000l\000i\000c\000a\000t\000i\000o\000n\000s}{chapter*.20}% 11
\BOOKMARK [1][-]{section*.25}{\376\377\000O\000t\000h\000e\000r\000\040\000A\000p\000p\000l\000i\000c\000a\000t\000i\000o\000n\000s}{chapter*.20}% 12
\BOOKMARK [-1][-]{part.2}{\376\377\000I\000I\000\040\000A\000c\000c\000e\000s\000s\000i\000o\000n\000\040\000N\000u\000m\000b\000e\000r\000s}{}% 13
\BOOKMARK [0][-]{chapter*.26}{\376\377\000I\000n\000t\000r\000o\000d\000u\000c\000t\000i\000o\000n}{part.2}% 14
\BOOKMARK [1][-]{section*.27}{\376\377\000C\000o\000n\000t\000a\000i\000n\000e\000r\000\040\000I\000d\000e\000n\000t\000i\000f\000i\000e\000r\000s}{chapter*.26}% 15
\BOOKMARK [1][-]{section*.28}{\376\377\000A\000d\000v\000a\000n\000t\000a\000g\000e\000s}{chapter*.26}% 16
\BOOKMARK [1][-]{section*.29}{\376\377\000D\000o\000w\000n\000t\000i\000m\000e\000\040\000A\000c\000c\000e\000s\000s\000i\000o\000n\000s}{chapter*.26}% 17
\BOOKMARK [0][-]{chapter*.30}{\376\377\000T\000i\000p\000s\000\040\000a\000n\000d\000\040\000T\000r\000i\000c\000k\000s}{part.2}% 18
\BOOKMARK [1][-]{section*.31}{\376\377\000C\000o\000n\000t\000a\000i\000n\000e\000r\000\040\000I\000D}{chapter*.30}% 19
\BOOKMARK [1][-]{section*.32}{\376\377\000E\000n\000t\000e\000r\000i\000n\000g\000\040\000A\000c\000c\000e\000s\000s\000i\000o\000n\000\040\000N\000u\000m\000b\000e\000r\000s}{chapter*.30}% 20
\BOOKMARK [-1][-]{part.3}{\376\377\000I\000I\000I\000\040\000D\000e\000p\000a\000r\000t\000m\000e\000n\000t\000\040\000O\000r\000d\000e\000r\000\040\000E\000n\000t\000r\000y}{}% 21
\BOOKMARK [0][-]{chapter*.43}{\376\377\000C\000u\000s\000t\000o\000m\000i\000z\000i\000n\000g\000\040\000D\000e\000p\000a\000r\000t\000m\000e\000n\000t\000\040\000O\000r\000d\000e\000r\000\040\000E\000n\000t\000r\000y}{part.3}% 22
\BOOKMARK [1][-]{section*.44}{\376\377\000D\000e\000f\000i\000n\000e\000\040\000D\000e\000f\000a\000u\000l\000t\000\040\000V\000a\000l\000u\000e\000s}{chapter*.43}% 23
\BOOKMARK [1][-]{section*.47}{\376\377\000D\000e\000f\000a\000u\000l\000t\000\040\000S\000e\000a\000r\000c\000h\000\040\000S\000e\000t\000t\000i\000n\000g\000s}{chapter*.43}% 24
\BOOKMARK [1][-]{section*.50}{\376\377\000T\000e\000m\000p\000o\000r\000a\000r\000y\000\040\000S\000e\000a\000r\000c\000h\000\040\000S\000e\000t\000t\000i\000n\000g}{chapter*.43}% 25
\BOOKMARK [0][-]{chapter*.53}{\376\377\000P\000a\000t\000i\000e\000n\000t\000\040\000L\000o\000o\000k\000u\000p}{part.3}% 26
\BOOKMARK [1][-]{section*.54}{\376\377\000U\000s\000i\000n\000g\000\040\000a\000\040\000U\000n\000i\000q\000u\000e\000\040\000P\000a\000t\000i\000e\000n\000t\000\040\000I\000d\000e\000n\000t\000i\000f\000i\000e\000r}{chapter*.53}% 27
\BOOKMARK [1][-]{section*.57}{\376\377\000U\000s\000i\000n\000g\000\040\000t\000h\000e\000\040\000E\000n\000c\000o\000u\000n\000t\000e\000r\000\040\000S\000e\000a\000r\000c\000h\000\040\000W\000i\000n\000d\000o\000w}{chapter*.53}% 28
\BOOKMARK [1][-]{section*.64}{\376\377\000T\000r\000o\000u\000b\000l\000e\000s\000h\000o\000o\000t\000i\000n\000g\000\040\000T\000i\000p\000s}{chapter*.53}% 29
\BOOKMARK [0][-]{chapter*.67}{\376\377\000P\000l\000a\000c\000i\000n\000g\000\040\000N\000e\000w\000\040\000O\000r\000d\000e\000r\000s}{part.3}% 30
\BOOKMARK [1][-]{section*.72}{\376\377\000U\000p\000d\000a\000t\000i\000n\000g\000\040\000O\000r\000d\000e\000r\000\040\000I\000n\000f\000o\000r\000m\000a\000t\000i\000o\000n}{chapter*.67}% 31
\BOOKMARK [1][-]{section*.73}{\376\377\000U\000p\000d\000a\000t\000i\000n\000g\000\040\000t\000h\000e\000\040\000o\000r\000d\000e\000r\000\040\000i\000n\000f\000o\000r\000m\000a\000t\000i\000o\000n}{chapter*.67}% 32
\BOOKMARK [1][-]{section*.74}{\376\377\000S\000c\000r\000a\000t\000c\000h\000\040\000P\000a\000d}{chapter*.67}% 33
\BOOKMARK [1][-]{section*.76}{\376\377\000M\000o\000d\000i\000f\000y\000i\000n\000g\000\040\000o\000r\000d\000e\000r\000s\000\040\000i\000n\000\040\000t\000h\000e\000\040\000S\000c\000r\000a\000t\000c\000h\000-\000P\000a\000d}{chapter*.67}% 34
\BOOKMARK [1][-]{section*.78}{\376\377\000S\000u\000b\000m\000i\000t\000t\000i\000n\000g\000\040\000t\000h\000e\000\040\000o\000r\000d\000e\000r\000s}{chapter*.67}% 35
\BOOKMARK [0][-]{chapter*.80}{\376\377\000N\000o\000t\000e\000s\000\040\000o\000n\000\040\000D\000u\000p\000l\000i\000c\000a\000t\000e\000\040\000C\000h\000e\000c\000k\000i\000n\000g}{part.3}% 36
\BOOKMARK [1][-]{section*.81}{\376\377\000W\000h\000e\000n\000\040\000o\000r\000d\000e\000r\000s\000\040\000a\000r\000e\000\040\000p\000l\000a\000c\000e\000d\000.}{chapter*.80}% 37
\BOOKMARK [1][-]{section*.82}{\376\377\000W\000h\000e\000n\000\040\000o\000r\000d\000e\000r\000s\000\040\000a\000r\000e\000\040\000D\000i\000s\000p\000a\000t\000c\000h\000e\000d}{chapter*.80}% 38
\BOOKMARK [1][-]{section*.83}{\376\377\000W\000h\000e\000n\000\040\000o\000r\000d\000e\000r\000s\000\040\000a\000r\000e\000\040\000L\000o\000g\000g\000e\000d\000-\000I\000n}{chapter*.80}% 39
\BOOKMARK [1][-]{section*.84}{\376\377\000E\000x\000a\000m\000p\000l\000e}{chapter*.80}% 40
\BOOKMARK [0][-]{chapter*.85}{\376\377\000A\000c\000c\000e\000s\000s\000i\000o\000n\000\040\000A\000d\000d\000-\000o\000n}{part.3}% 41
\BOOKMARK [1][-]{section*.87}{\376\377\000A\000d\000d\000i\000n\000g\000\040\000o\000n\000\040\000o\000r\000d\000e\000r\000s}{chapter*.85}% 42
\BOOKMARK [1][-]{section*.92}{\376\377\000T\000o\000\040\000O\000v\000e\000r\000r\000i\000d\000e\000\040\000o\000r\000\040\000N\000o\000t\000\040\000t\000o\000\040\000O\000v\000e\000r\000r\000i\000d\000e}{chapter*.85}% 43
\BOOKMARK [1][-]{section*.93}{\376\377\000N\000o\000t\000\040\000O\000v\000e\000r\000r\000i\000d\000i\000n\000g}{chapter*.85}% 44
\BOOKMARK [1][-]{section*.96}{\376\377\000O\000v\000e\000r\000r\000i\000d\000i\000n\000g}{chapter*.85}% 45
\BOOKMARK [0][-]{chapter*.100}{\376\377\000T\000i\000p\000s\000\040\000o\000n\000\040\000S\000e\000a\000r\000c\000h\000i\000n\000g\000\040\000f\000o\000r\000\040\000O\000r\000d\000e\000r\000a\000b\000l\000e\000s}{part.3}% 46
\BOOKMARK [1][-]{section*.101}{\376\377\000S\000e\000a\000r\000c\000h\000\040\000T\000i\000p\000s}{chapter*.100}% 47
\BOOKMARK [0][-]{chapter*.102}{\376\377\000A\000d\000d\000i\000t\000i\000o\000n\000a\000l\000\040\000I\000n\000f\000o\000r\000m\000a\000t\000i\000o\000n}{part.3}% 48
\BOOKMARK [1][-]{section*.103}{\376\377\000T\000h\000o\000s\000e\000\040\000O\000t\000h\000e\000r\000\040\000F\000u\000n\000c\000t\000i\000o\000n\000s}{chapter*.102}% 49
\BOOKMARK [1][-]{section*.104}{\376\377\000S\000u\000b\000m\000i\000t\000t\000i\000n\000g\000\040\000O\000r\000d\000e\000r\000s}{chapter*.102}% 50
\BOOKMARK [-1][-]{part.4}{\376\377\000I\000V\000\040\000S\000p\000e\000c\000i\000m\000e\000n\000\040\000L\000o\000g\000-\000i\000n}{}% 51
\BOOKMARK [0][-]{chapter*.105}{\376\377\000I\000n\000t\000r\000o\000d\000u\000c\000t\000i\000o\000n}{part.4}% 52
\BOOKMARK [0][-]{chapter*.106}{\376\377\000G\000e\000t\000t\000i\000n\000g\000\040\000S\000t\000a\000r\000t\000e\000d}{part.4}% 53
\BOOKMARK [1][-]{section*.109}{\376\377\000S\000e\000t\000t\000i\000n\000g\000\040\000L\000o\000c\000a\000t\000i\000o\000n}{chapter*.106}% 54
\BOOKMARK [1][-]{section*.111}{\376\377\000S\000e\000t\000t\000i\000n\000g\000\040\000D\000e\000f\000a\000u\000l\000t\000\040\000P\000r\000i\000n\000t\000e\000r\000s}{chapter*.106}% 55
\BOOKMARK [0][-]{chapter*.116}{\376\377\000L\000o\000g\000-\000i\000n\000\040\000B\000y\000\040\000A\000c\000c\000e\000s\000s\000i\000o\000n\000\040\000N\000u\000m\000b\000e\000r}{part.4}% 56
\BOOKMARK [0][-]{chapter*.122}{\376\377\000T\000r\000o\000u\000b\000l\000e\000s\000h\000o\000o\000t\000i\000n\000g}{part.4}% 57
\BOOKMARK [1][-]{section*.123}{\376\377\000I\000'\000v\000e\000\040\000L\000o\000g\000g\000e\000d\000\040\000a\000\040\000S\000a\000m\000p\000l\000e\000\040\000I\000n\000t\000o\000\040\000t\000h\000e\000\040\000W\000r\000o\000n\000g\000\040\000L\000o\000c\000a\000t\000i\000o\000n}{chapter*.122}% 58
\BOOKMARK [-1][-]{part.5}{\376\377\000V\000\040\000C\000o\000n\000t\000a\000i\000n\000e\000r\000\040\000I\000n\000q\000u\000i\000r\000y}{}% 59
\BOOKMARK [0][-]{chapter*.124}{\376\377\000I\000n\000t\000r\000o\000d\000u\000c\000t\000i\000o\000n}{part.5}% 60
\BOOKMARK [0][-]{chapter*.125}{\376\377\000I\000n\000q\000u\000i\000r\000i\000n\000g\000\040\000A\000b\000o\000u\000t\000\040\000C\000o\000n\000t\000a\000i\000n\000e\000r\000s}{part.5}% 61
\BOOKMARK [1][-]{section*.128}{\376\377\000C\000o\000n\000t\000a\000i\000n\000e\000r\000\040\000L\000i\000s\000t}{chapter*.125}% 62
\BOOKMARK [1][-]{section*.129}{\376\377\000E\000v\000e\000n\000t\000\040\000L\000i\000s\000t}{chapter*.125}% 63
\BOOKMARK [1][-]{section*.130}{\376\377\000R\000o\000u\000t\000i\000n\000g}{chapter*.125}% 64
\BOOKMARK [0][-]{chapter*.133}{\376\377\000U\000s\000i\000n\000g\000\040\000C\000o\000n\000t\000a\000i\000n\000e\000r\000\040\000I\000n\000q\000u\000i\000r\000y\000\040\000f\000o\000r\000\040\000T\000r\000o\000u\000b\000l\000e\000s\000h\000o\000o\000t\000i\000n\000g}{part.5}% 65
\BOOKMARK [1][-]{section*.134}{\376\377\000L\000o\000g\000-\000i\000n\000\040\000L\000o\000c\000a\000t\000i\000o\000n}{chapter*.133}% 66
\BOOKMARK [1][-]{section*.138}{\376\377\000F\000i\000n\000d\000i\000n\000g\000\040\000W\000h\000e\000r\000e\000\040\000S\000a\000m\000p\000l\000e\000s\000\040\000N\000e\000e\000d\000\040\000t\000o\000\040\000G\000o}{chapter*.133}% 67
\BOOKMARK [-1][-]{part.6}{\376\377\000V\000I\000\040\000O\000r\000d\000e\000r\000\040\000R\000e\000s\000u\000l\000t\000\040\000V\000i\000e\000w\000e\000r}{}% 68
\BOOKMARK [0][-]{chapter*.142}{\376\377\000I\000n\000t\000r\000o\000d\000u\000c\000t\000i\000o\000n}{part.6}% 69
\BOOKMARK [0][-]{chapter*.143}{\376\377\000G\000e\000t\000t\000i\000n\000g\000\040\000S\000t\000a\000r\000t\000e\000d}{part.6}% 70
\BOOKMARK [0][-]{chapter*.149}{\376\377\000F\000i\000n\000d\000i\000n\000g\000\040\000O\000r\000d\000e\000r\000s}{part.6}% 71
\BOOKMARK [1][-]{section*.150}{\376\377\000S\000e\000a\000r\000c\000h\000i\000n\000g\000\040\000b\000y\000\040\000P\000a\000t\000i\000e\000n\000t}{chapter*.149}% 72
\BOOKMARK [1][-]{section*.154}{\376\377\000S\000e\000a\000r\000c\000h\000i\000n\000g\000\040\000b\000y\000\040\000A\000c\000c\000e\000s\000s\000i\000o\000n\000\040\000N\000u\000m\000b\000e\000r}{chapter*.149}% 73
\BOOKMARK [0][-]{chapter*.158}{\376\377\000V\000i\000e\000w\000i\000n\000g\000\040\000O\000r\000d\000e\000r\000s}{part.6}% 74
\BOOKMARK [1][-]{section*.159}{\376\377\000S\000o\000r\000t\000i\000n\000g\000\040\000t\000h\000e\000\040\000l\000i\000s\000t}{chapter*.158}% 75
\BOOKMARK [1][-]{section*.160}{\376\377\000O\000r\000d\000e\000r\000a\000b\000l\000e\000\040\000S\000t\000a\000t\000u\000s}{chapter*.158}% 76
\BOOKMARK [1][-]{section*.161}{\376\377\000V\000i\000e\000w\000i\000n\000g\000\040\000R\000e\000s\000u\000l\000t\000s}{chapter*.158}% 77
\BOOKMARK [1][-]{section*.162}{\376\377\000F\000l\000o\000w\000s\000h\000e\000e\000t\000\040\000M\000o\000d\000e}{chapter*.158}% 78
\BOOKMARK [1][-]{section*.167}{\376\377\000V\000i\000e\000w\000\040\000C\000o\000m\000m\000e\000n\000t\000s}{chapter*.158}% 79
\BOOKMARK [0][-]{chapter*.168}{\376\377\000B\000r\000a\000n\000c\000h\000i\000n\000g}{part.6}% 80
\BOOKMARK [0][-]{chapter*.171}{\376\377\000C\000a\000n\000c\000e\000l\000i\000n\000g\000\040\000O\000r\000d\000e\000r\000s}{part.6}% 81
\BOOKMARK [0][-]{chapter*.179}{\376\377\000T\000r\000o\000u\000b\000l\000e\000s\000h\000o\000o\000t\000i\000n\000g}{part.6}% 82
\BOOKMARK [1][-]{section*.180}{\376\377\000U\000n\000a\000b\000l\000e\000\040\000t\000o\000\040\000S\000e\000a\000r\000c\000h\000\040\000b\000y\000\040\000A\000c\000c\000e\000s\000s\000i\000o\000n\000\040\000N\000u\000m\000b\000e\000r}{chapter*.179}% 83
\BOOKMARK [1][-]{section*.184}{\376\377\000B\000r\000a\000n\000c\000h\000i\000n\000g\000\040\000A\000p\000p\000l\000i\000c\000a\000t\000i\000o\000n\000s\000\040\000W\000o\000n\000'\000t\000\040\000O\000p\000e\000n\000.}{chapter*.179}% 84
\BOOKMARK [-1][-]{part.7}{\376\377\000V\000I\000I\000\040\000A\000c\000c\000e\000s\000s\000i\000o\000n\000\040\000R\000e\000s\000u\000l\000t\000\040\000E\000n\000t\000r\000y}{}% 85
\BOOKMARK [0][-]{chapter*.185}{\376\377\000I\000n\000t\000r\000o\000d\000u\000c\000t\000i\000o\000n}{part.7}% 86
\BOOKMARK [0][-]{chapter*.186}{\376\377\000C\000a\000n\000c\000e\000l\000i\000n\000g\000\040\000O\000r\000d\000e\000r\000s}{part.7}% 87
\BOOKMARK [-1][-]{part.8}{\376\377\000V\000I\000I\000I\000\040\000P\000e\000n\000d\000i\000n\000g\000\040\000I\000n\000q\000u\000i\000r\000y}{}% 88
\BOOKMARK [0][-]{chapter*.187}{\376\377\000C\000a\000n\000c\000e\000l\000i\000n\000g}{part.8}% 89
\BOOKMARK [0][-]{chapter*.188}{\376\377\000C\000a\000n\000c\000e\000l\000i\000n\000g\000\040\000f\000r\000o\000m\000\040\000P\000e\000n\000d\000i\000n\000g\000\040\000I\000n\000q\000u\000i\000r\000y}{part.8}% 90
\BOOKMARK [-1][-]{part.9}{\376\377\000I\000X\000\040\000T\000r\000a\000n\000s\000f\000e\000r\000\040\000S\000p\000e\000c\000i\000m\000e\000n}{}% 91
\BOOKMARK [-1][-]{part.10}{\376\377\000X\000\040\000C\000o\000m\000m\000e\000n\000t\000s}{}% 92
\BOOKMARK [0][-]{chapter*.195}{\376\377\000E\000n\000t\000e\000r\000i\000n\000g\000\040\000C\000o\000m\000m\000e\000n\000t\000s}{part.10}% 93
\BOOKMARK [-1][-]{part.11}{\376\377\000X\000I\000\040\000D\000o\000w\000n\000t\000i\000m\000e\000\040\000P\000r\000o\000c\000e\000d\000u\000r\000e}{}% 94
\BOOKMARK [0][-]{chapter*.196}{\376\377\000I\000n\000t\000r\000o\000d\000u\000c\000t\000i\000o\000n}{part.11}% 95
\BOOKMARK [-1][-]{part.12}{\376\377\000X\000I\000I\000\040\000A\000p\000p\000e\000n\000d\000i\000x}{}% 96
\BOOKMARK [0][-]{chapter*.197}{\376\377\000S\000u\000n\000q\000u\000e\000s\000t\000\040\000t\000o\000\040\000C\000e\000r\000n\000e\000r\000:\000\040\000A\000p\000p\000l\000i\000c\000a\000t\000i\000o\000n\000\040\000E\000q\000u\000i\000v\000a\000l\000e\000n\000t\000s}{part.12}% 97
\BOOKMARK [0][-]{chapter*.198}{\376\377\000S\000u\000n\000q\000u\000e\000s\000t\000\040\000t\000o\000\040\000C\000e\000r\000n\000e\000r\000:\000\040\000T\000e\000r\000m\000i\000n\000o\000l\000o\000g\000y}{part.12}% 98
\BOOKMARK [1][-]{section*.199}{\376\377\000T\000e\000s\000t\000\040\000S\000e\000c\000t\000i\000o\000n}{chapter*.198}% 99
\BOOKMARK [0][-]{section*.200}{\376\377\000A\000c\000r\000o\000n\000y\000m\000s}{part.12}% 100
\BOOKMARK [0][-]{section*.202}{\376\377\000G\000l\000o\000s\000s\000a\000r\000y}{part.12}% 101
\BOOKMARK [0][-]{chapter*.204}{\376\377\000I\000n\000d\000e\000x}{part.12}% 102
