\BOOKMARK [0][-]{chapter*.2}{\376\377\000I\000n\000t\000r\000o\000d\000u\000c\000t\000i\000o\000n}{}% 1
\BOOKMARK [0][-]{chapter*.3}{\376\377\000G\000e\000t\000t\000i\000n\000g\000\040\000S\000t\000a\000r\000t\000e\000d}{}% 2
\BOOKMARK [1][-]{section*.7}{\376\377\000S\000e\000t\000t\000i\000n\000g\000\040\000L\000o\000c\000a\000t\000i\000o\000n}{chapter*.3}% 3
\BOOKMARK [1][-]{section*.9}{\376\377\000S\000e\000t\000t\000i\000n\000g\000\040\000D\000e\000f\000a\000u\000l\000t\000\040\000P\000r\000i\000n\000t\000e\000r\000s}{chapter*.3}% 4
\BOOKMARK [0][-]{chapter*.14}{\376\377\000L\000o\000g\000-\000i\000n\000\040\000B\000y\000\040\000A\000c\000c\000e\000s\000s\000i\000o\000n\000\040\000N\000u\000m\000b\000e\000r}{}% 5
\BOOKMARK [1][-]{section*.15}{\376\377\000U\000n\000d\000e\000r\000s\000t\000a\000n\000d\000i\000n\000g\000\040\000t\000h\000e\000\040\000S\000p\000r\000e\000a\000d\000s\000h\000e\000e\000t}{chapter*.14}% 6
\BOOKMARK [1][-]{section*.17}{\376\377\000L\000o\000g\000-\000i\000n\000\040\000A\000c\000c\000e\000s\000s\000i\000o\000n\000s\000\040\000P\000r\000o\000c\000e\000d\000u\000r\000e}{chapter*.14}% 7
\BOOKMARK [0][-]{chapter*.33}{\376\377\000L\000o\000g\000-\000i\000n\000\040\000B\000y\000\040\000L\000i\000s\000t}{}% 8
\BOOKMARK [1][-]{section*.41}{\376\377\000L\000i\000s\000t\000\040\000P\000o\000p\000-\000U\000p\000\040\000A\000l\000e\000r\000t\000s}{chapter*.33}% 9
\BOOKMARK [1][-]{section*.42}{\376\377\000R\000e\000c\000o\000m\000m\000e\000n\000d\000e\000d\000\040\000P\000r\000o\000c\000e\000d\000u\000r\000e}{chapter*.33}% 10
\BOOKMARK [0][-]{chapter*.45}{\376\377\000T\000i\000p\000s\000\040\000a\000n\000d\000\040\000T\000r\000i\000c\000k\000s}{}% 11
\BOOKMARK [1][-]{section*.46}{\376\377\000M\000o\000d\000i\000f\000y\000i\000n\000g\000\040\000a\000\040\000S\000i\000n\000g\000l\000e\000\040\000C\000o\000n\000t\000a\000i\000n\000e\000r}{chapter*.45}% 12
\BOOKMARK [1][-]{section*.47}{\376\377\000R\000e\000f\000r\000e\000s\000h\000i\000n\000g\000\040\000D\000a\000t\000a}{chapter*.45}% 13
\BOOKMARK [1][-]{section*.49}{\376\377\000P\000r\000i\000n\000t\000i\000n\000g\000\040\000L\000a\000b\000e\000l\000s}{chapter*.45}% 14
\BOOKMARK [1][-]{section*.51}{\376\377\000K\000e\000y\000b\000o\000a\000r\000d\000\040\000S\000h\000o\000r\000t\000c\000u\000t\000s}{chapter*.45}% 15
\BOOKMARK [0][-]{chapter*.52}{\376\377\000T\000r\000o\000u\000b\000l\000e\000s\000h\000o\000o\000t\000i\000n\000g}{}% 16
\BOOKMARK [1][-]{section*.53}{\376\377\000P\000r\000e\000v\000i\000o\000u\000s\000l\000y\000\040\000E\000n\000t\000e\000r\000e\000d}{chapter*.52}% 17
\BOOKMARK [1][-]{section*.54}{\376\377\000I\000n\000v\000a\000l\000i\000d\000\040\000C\000o\000l\000l\000e\000c\000t\000i\000o\000n\000\040\000T\000i\000m\000e}{chapter*.52}% 18
\BOOKMARK [1][-]{section*.56}{\376\377\000S\000e\000p\000a\000r\000a\000t\000e\000\040\000C\000o\000l\000l\000e\000c\000t\000i\000o\000n\000s}{chapter*.52}% 19
\BOOKMARK [1][-]{section*.59}{\376\377\000I\000'\000v\000e\000\040\000L\000o\000g\000g\000e\000d\000\040\000a\000\040\000S\000a\000m\000p\000l\000e\000\040\000i\000n\000t\000o\000\040\000t\000h\000e\000\040\000W\000r\000o\000n\000g\000\040\000L\000o\000c\000a\000t\000i\000o\000n}{chapter*.52}% 20
