\BOOKMARK [0][-]{chapter*.2}{\376\377\000I\000n\000t\000r\000o\000d\000u\000c\000t\000i\000o\000n}{}% 1
\BOOKMARK [0][-]{chapter*.3}{\376\377\000G\000e\000t\000t\000i\000n\000g\000\040\000S\000t\000a\000r\000t\000e\000d}{}% 2
\BOOKMARK [0][-]{chapter*.9}{\376\377\000C\000u\000s\000t\000o\000m\000i\000z\000i\000n\000g\000\040\000D\000e\000m\000o\000g\000r\000a\000p\000h\000i\000c\000s}{}% 3
\BOOKMARK [1][-]{section*.10}{\376\377\000H\000e\000l\000p\000f\000u\000l\000\040\000T\000i\000p\000s}{chapter*.9}% 4
\BOOKMARK [1][-]{section*.11}{\376\377\000C\000h\000a\000n\000g\000i\000n\000g\000\040\000D\000e\000m\000o\000g\000r\000a\000p\000h\000i\000c\000s}{chapter*.9}% 5
\BOOKMARK [1][-]{section*.18}{\376\377\000R\000e\000s\000t\000o\000r\000e\000\040\000t\000o\000\040\000D\000e\000f\000a\000u\000l\000t\000s}{chapter*.9}% 6
\BOOKMARK [0][-]{chapter*.19}{\376\377\000F\000i\000n\000d\000i\000n\000g\000\040\000O\000r\000d\000e\000r\000s}{}% 7
\BOOKMARK [1][-]{section*.20}{\376\377\000S\000e\000a\000r\000c\000h\000i\000n\000g\000\040\000b\000y\000\040\000P\000a\000t\000i\000e\000n\000t}{chapter*.19}% 8
\BOOKMARK [1][-]{section*.24}{\376\377\000S\000e\000a\000r\000c\000h\000i\000n\000g\000\040\000b\000y\000\040\000A\000c\000c\000e\000s\000s\000i\000o\000n\000\040\000N\000u\000m\000b\000e\000r}{chapter*.19}% 9
\BOOKMARK [0][-]{chapter*.28}{\376\377\000V\000i\000e\000w\000i\000n\000g\000\040\000O\000r\000d\000e\000r\000s}{}% 10
\BOOKMARK [1][-]{section*.29}{\376\377\000S\000o\000r\000t\000i\000n\000g\000\040\000t\000h\000e\000\040\000L\000i\000s\000t}{chapter*.28}% 11
\BOOKMARK [1][-]{section*.30}{\376\377\000O\000r\000d\000e\000r\000a\000b\000l\000e\000\040\000S\000t\000a\000t\000u\000s}{chapter*.28}% 12
\BOOKMARK [1][-]{section*.31}{\376\377\000V\000i\000e\000w\000i\000n\000g\000\040\000R\000e\000s\000u\000l\000t\000s}{chapter*.28}% 13
\BOOKMARK [1][-]{section*.32}{\376\377\000F\000l\000o\000w\000s\000h\000e\000e\000t\000\040\000M\000o\000d\000e}{chapter*.28}% 14
\BOOKMARK [1][-]{section*.37}{\376\377\000V\000i\000e\000w\000\040\000C\000o\000m\000m\000e\000n\000t\000s}{chapter*.28}% 15
\BOOKMARK [0][-]{chapter*.38}{\376\377\000B\000r\000a\000n\000c\000h\000i\000n\000g}{}% 16
\BOOKMARK [0][-]{chapter*.41}{\376\377\000C\000a\000n\000c\000e\000l\000i\000n\000g\000\040\000O\000r\000d\000e\000r\000s}{}% 17
\BOOKMARK [0][-]{chapter*.49}{\376\377\000T\000i\000p\000s}{}% 18
\BOOKMARK [1][-]{section*.50}{\376\377\000K\000e\000y\000b\000o\000a\000r\000d\000\040\000S\000h\000o\000r\000t\000c\000u\000t\000s}{chapter*.49}% 19
\BOOKMARK [0][-]{chapter*.51}{\376\377\000T\000r\000o\000u\000b\000l\000e\000s\000h\000o\000o\000t\000i\000n\000g}{}% 20
\BOOKMARK [1][-]{section*.52}{\376\377\000U\000n\000a\000b\000l\000e\000\040\000t\000o\000\040\000S\000e\000a\000r\000c\000h\000\040\000b\000y\000\040\000A\000c\000c\000e\000s\000s\000i\000o\000n\000\040\000N\000u\000m\000b\000e\000r}{chapter*.51}% 21
\BOOKMARK [1][-]{section*.56}{\376\377\000B\000r\000a\000n\000c\000h\000i\000n\000g\000\040\000A\000p\000p\000l\000i\000c\000a\000t\000i\000o\000n\000s\000\040\000W\000o\000n\000'\000t\000\040\000O\000p\000e\000n}{chapter*.51}% 22
