\BOOKMARK [0][-]{chapter*.2}{\376\377\000I\000n\000t\000r\000o\000d\000u\000c\000t\000i\000o\000n}{}% 1
\BOOKMARK [0][-]{chapter*.3}{\376\377\000C\000u\000s\000t\000o\000m\000i\000z\000e\000\040\000P\000e\000n\000d\000i\000n\000g\000\040\000I\000n\000q\000u\000i\000r\000y}{}% 2
\BOOKMARK [0][-]{chapter*.18}{\376\377\000P\000u\000l\000l\000i\000n\000g\000\040\000a\000\040\000P\000e\000n\000d\000i\000n\000g\000\040\000L\000o\000g}{}% 3
\BOOKMARK [1][-]{section*.19}{\376\377\000A\000b\000o\000u\000t\000\040\000t\000h\000e\000\040\000O\000p\000t\000i\000o\000n\000s}{chapter*.18}% 4
\BOOKMARK [1][-]{section*.23}{\376\377\000E\000n\000t\000e\000r\000i\000n\000g\000\040\000O\000p\000t\000i\000o\000n\000s}{chapter*.18}% 5
\BOOKMARK [1][-]{section*.29}{\376\377\000R\000e\000f\000r\000e\000s\000h\000i\000n\000g\000\040\000t\000h\000e\000\040\000P\000e\000n\000d\000i\000n\000g\000\040\000L\000i\000s\000t}{chapter*.18}% 6
\BOOKMARK [1][-]{section*.32}{\376\377\000S\000o\000r\000t\000i\000n\000g\000\040\000P\000e\000n\000d\000i\000n\000g\000\040\000I\000n\000q\000u\000i\000r\000y}{chapter*.18}% 7
\BOOKMARK [1][-]{section*.34}{\376\377\000P\000r\000i\000n\000t\000i\000n\000g\000\040\000t\000h\000e\000\040\000P\000e\000n\000d\000i\000n\000g\000\040\000L\000o\000g}{chapter*.18}% 8
\BOOKMARK [0][-]{chapter*.43}{\376\377\000B\000r\000a\000n\000c\000h\000i\000n\000g\000\040\000f\000r\000o\000m\000\040\000P\000e\000n\000d\000i\000n\000g\000\040\000I\000n\000q\000u\000i\000r\000y}{}% 9
\BOOKMARK [0][-]{chapter*.46}{\376\377\000C\000a\000n\000c\000e\000l\000i\000n\000g}{}% 10
\BOOKMARK [0][-]{chapter*.54}{\376\377\000T\000r\000a\000n\000s\000f\000e\000r\000\040\000S\000a\000m\000p\000l\000e\000s}{}% 11
\BOOKMARK [1][-]{section*.55}{\376\377\000R\000e\000r\000o\000u\000t\000e\000\040\000S\000a\000m\000p\000l\000e\000s}{chapter*.54}% 12
\BOOKMARK [0][-]{chapter*.76}{\376\377\000R\000o\000u\000t\000i\000n\000g}{}% 13
\BOOKMARK [1][-]{section*.77}{\376\377\000W\000h\000a\000t\000\040\000i\000s\000\040\000R\000o\000u\000t\000i\000n\000g\000?}{chapter*.76}% 14
\BOOKMARK [1][-]{section*.78}{\376\377\000H\000o\000w\000\040\000D\000o\000e\000s\000\040\000I\000t\000\040\000W\000o\000r\000k\000?}{chapter*.76}% 15
\BOOKMARK [1][-]{section*.81}{\376\377\000B\000r\000a\000c\000k\000e\000n\000r\000i\000d\000g\000e}{chapter*.76}% 16
\BOOKMARK [1][-]{section*.82}{\376\377\000D\000e\000l\000l\000\040\000C\000h\000i\000l\000d\000r\000e\000n\000'\000s}{chapter*.76}% 17
\BOOKMARK [1][-]{section*.83}{\376\377\000E\000d\000g\000a\000r\000\040\000B\000.\000\040\000D\000a\000v\000i\000s}{chapter*.76}% 18
\BOOKMARK [1][-]{section*.84}{\376\377\000H\000a\000y\000s}{chapter*.76}% 19
\BOOKMARK [1][-]{section*.85}{\376\377\000H\000i\000g\000h\000l\000a\000n\000d\000\040\000L\000a\000k\000e\000s}{chapter*.76}% 20
\BOOKMARK [1][-]{section*.86}{\376\377\000N\000o\000r\000t\000h\000w\000e\000s\000t}{chapter*.76}% 21
\BOOKMARK [1][-]{section*.87}{\376\377\000S\000o\000u\000t\000h\000w\000e\000s\000t}{chapter*.76}% 22
\BOOKMARK [1][-]{section*.88}{\376\377\000W\000i\000l\000l\000i\000a\000m\000s\000o\000n}{chapter*.76}% 23
\BOOKMARK [1][-]{section*.89}{\376\377\000S\000e\000t\000o\000n\000\040\000M\000e\000d\000i\000c\000a\000l\000\040\000C\000e\000n\000t\000e\000r}{chapter*.76}% 24
\BOOKMARK [0][-]{chapter*.90}{\376\377\000T\000i\000p\000s\000\040\000a\000n\000d\000\040\000T\000r\000i\000c\000k\000s}{}% 25
\BOOKMARK [1][-]{section*.91}{\376\377\000K\000e\000y\000b\000o\000a\000r\000d\000\040\000S\000h\000o\000r\000t\000c\000u\000t\000s}{chapter*.90}% 26
