\BOOKMARK [0][-]{chapter*.2}{\376\377\000I\000n\000t\000r\000o\000d\000u\000c\000t\000i\000o\000n}{}% 1
\BOOKMARK [1][-]{section*.3}{\376\377\000T\000e\000r\000m\000s\000\040\000t\000o\000\040\000k\000n\000o\000w\000:}{chapter*.2}% 2
\BOOKMARK [0][-]{chapter*.4}{\376\377\000C\000u\000s\000t\000o\000m\000i\000z\000i\000n\000g\000\040\000D\000e\000p\000a\000r\000t\000m\000e\000n\000t\000\040\000O\000r\000d\000e\000r\000\040\000E\000n\000t\000r\000y}{}% 3
\BOOKMARK [1][-]{section*.5}{\376\377\000D\000e\000f\000i\000n\000e\000\040\000D\000e\000f\000a\000u\000l\000t\000\040\000V\000a\000l\000u\000e\000s}{chapter*.4}% 4
\BOOKMARK [1][-]{section*.8}{\376\377\000M\000o\000d\000i\000f\000y\000\040\000D\000e\000f\000a\000u\000l\000t\000\040\000S\000e\000a\000r\000c\000h\000\040\000F\000i\000e\000l\000d}{chapter*.4}% 5
\BOOKMARK [0][-]{chapter*.16}{\376\377\000P\000a\000t\000i\000e\000n\000t\000\040\000L\000o\000o\000k\000u\000p}{}% 6
\BOOKMARK [1][-]{section*.17}{\376\377\000U\000s\000i\000n\000g\000\040\000a\000\040\000U\000n\000i\000q\000u\000e\000\040\000P\000a\000t\000i\000e\000n\000t\000\040\000I\000d\000e\000n\000t\000i\000f\000i\000e\000r}{chapter*.16}% 7
\BOOKMARK [1][-]{section*.20}{\376\377\000U\000s\000i\000n\000g\000\040\000t\000h\000e\000\040\000E\000n\000c\000o\000u\000n\000t\000e\000r\000\040\000S\000e\000a\000r\000c\000h\000\040\000W\000i\000n\000d\000o\000w}{chapter*.16}% 8
\BOOKMARK [1][-]{section*.27}{\376\377\000T\000r\000o\000u\000b\000l\000e\000s\000h\000o\000o\000t\000i\000n\000g\000\040\000T\000i\000p\000s}{chapter*.16}% 9
\BOOKMARK [0][-]{chapter*.30}{\376\377\000P\000l\000a\000c\000i\000n\000g\000\040\000N\000e\000w\000\040\000O\000r\000d\000e\000r\000s}{}% 10
\BOOKMARK [1][-]{section*.35}{\376\377\000U\000p\000d\000a\000t\000i\000n\000g\000\040\000O\000r\000d\000e\000r\000\040\000I\000n\000f\000o\000r\000m\000a\000t\000i\000o\000n}{chapter*.30}% 11
\BOOKMARK [1][-]{section*.36}{\376\377\000U\000p\000d\000a\000t\000i\000n\000g\000\040\000t\000h\000e\000\040\000o\000r\000d\000e\000r\000\040\000i\000n\000f\000o\000r\000m\000a\000t\000i\000o\000n}{chapter*.30}% 12
\BOOKMARK [1][-]{section*.37}{\376\377\000S\000c\000r\000a\000t\000c\000h\000-\000P\000a\000d}{chapter*.30}% 13
\BOOKMARK [1][-]{section*.39}{\376\377\000M\000o\000d\000i\000f\000y\000i\000n\000g\000\040\000O\000r\000d\000e\000r\000s\000\040\000i\000n\000\040\000t\000h\000e\000\040\000S\000c\000r\000a\000t\000c\000h\000-\000P\000a\000d}{chapter*.30}% 14
\BOOKMARK [1][-]{section*.43}{\376\377\000S\000u\000b\000m\000i\000t\000t\000i\000n\000g\000\040\000t\000h\000e\000\040\000O\000r\000d\000e\000r\000s}{chapter*.30}% 15
\BOOKMARK [1][-]{section*.45}{\376\377\000D\000u\000p\000l\000i\000c\000a\000t\000e\000\040\000O\000r\000d\000e\000r\000s}{chapter*.30}% 16
\BOOKMARK [1][-]{section*.46}{\376\377\000S\000u\000b\000m\000i\000s\000s\000i\000o\000n\000\040\000S\000t\000a\000t\000u\000s}{chapter*.30}% 17
\BOOKMARK [1][-]{section*.47}{\376\377\000T\000r\000o\000u\000b\000l\000e\000s\000h\000o\000o\000t\000i\000n\000g\000\040\000S\000u\000b\000m\000i\000s\000s\000i\000o\000n\000\040\000E\000r\000r\000o\000r\000s}{chapter*.30}% 18
\BOOKMARK [0][-]{chapter*.57}{\376\377\000A\000c\000c\000e\000s\000s\000i\000o\000n\000\040\000A\000d\000d\000-\000o\000n}{}% 19
\BOOKMARK [1][-]{section*.59}{\376\377\000A\000d\000d\000i\000n\000g\000\040\000o\000n\000\040\000O\000r\000d\000e\000r\000s}{chapter*.57}% 20
\BOOKMARK [1][-]{section*.64}{\376\377\000T\000o\000\040\000O\000v\000e\000r\000r\000i\000d\000e\000\040\000o\000r\000\040\000N\000o\000t\000\040\000t\000o\000\040\000O\000v\000e\000r\000r\000i\000d\000e}{chapter*.57}% 21
\BOOKMARK [1][-]{section*.65}{\376\377\000N\000o\000t\000\040\000O\000v\000e\000r\000r\000i\000d\000i\000n\000g}{chapter*.57}% 22
\BOOKMARK [1][-]{section*.68}{\376\377\000O\000v\000e\000r\000r\000i\000d\000i\000n\000g}{chapter*.57}% 23
\BOOKMARK [1][-]{section*.72}{\376\377\000S\000u\000b\000m\000i\000t\000t\000i\000n\000g\000\040\000O\000r\000d\000e\000r\000s}{chapter*.57}% 24
\BOOKMARK [1][-]{section*.74}{\376\377\000R\000e\000t\000u\000r\000n\000\040\000t\000o\000\040\000O\000r\000d\000e\000r\000\040\000E\000n\000t\000r\000y\000\040\000M\000o\000d\000e}{chapter*.57}% 25
\BOOKMARK [1][-]{section*.76}{\376\377\000D\000u\000p\000l\000i\000c\000a\000t\000e\000\040\000O\000r\000d\000e\000r\000s}{chapter*.57}% 26
\BOOKMARK [0][-]{chapter*.77}{\376\377\000T\000i\000p\000s\000\040\000a\000n\000d\000\040\000T\000r\000i\000c\000k\000s}{}% 27
\BOOKMARK [1][-]{section*.78}{\376\377\000A\000n\000c\000i\000l\000l\000a\000r\000y\000\040\000v\000s\000.\000\040\000P\000r\000i\000m\000a\000r\000y\000\040\000O\000r\000d\000e\000r\000a\000b\000l\000e\000s}{chapter*.77}% 28
\BOOKMARK [1][-]{section*.79}{\376\377\000S\000e\000a\000r\000c\000h\000\040\000T\000i\000p\000s}{chapter*.77}% 29
\BOOKMARK [1][-]{section*.80}{\376\377\000K\000e\000y\000b\000o\000a\000r\000d\000\040\000S\000h\000o\000r\000t\000c\000u\000t\000s}{chapter*.77}% 30
\BOOKMARK [0][-]{chapter*.81}{\376\377\000N\000o\000t\000e\000s\000\040\000o\000n\000\040\000D\000u\000p\000l\000i\000c\000a\000t\000e\000\040\000C\000h\000e\000c\000k\000i\000n\000g}{}% 31
\BOOKMARK [1][-]{section*.82}{\376\377\000W\000h\000e\000n\000\040\000O\000r\000d\000e\000r\000s\000\040\000A\000r\000e\000\040\000P\000l\000a\000c\000e\000d}{chapter*.81}% 32
\BOOKMARK [1][-]{section*.83}{\376\377\000W\000h\000e\000n\000\040\000O\000r\000d\000e\000r\000s\000\040\000A\000r\000e\000\040\000D\000i\000s\000p\000a\000t\000c\000h\000e\000d}{chapter*.81}% 33
\BOOKMARK [1][-]{section*.84}{\376\377\000W\000h\000e\000n\000\040\000O\000r\000d\000e\000r\000s\000\040\000A\000r\000e\000\040\000L\000o\000g\000g\000e\000d\000-\000I\000n}{chapter*.81}% 34
\BOOKMARK [1][-]{section*.85}{\376\377\000E\000x\000a\000m\000p\000l\000e}{chapter*.81}% 35
\BOOKMARK [0][-]{chapter*.86}{\376\377\000T\000h\000o\000s\000e\000\040\000O\000t\000h\000e\000r\000\040\000F\000u\000n\000c\000t\000i\000o\000n\000s}{}% 36
\BOOKMARK [1][-]{section*.87}{\376\377\000T\000h\000o\000s\000e\000\040\000O\000t\000h\000e\000r\000\040\000F\000u\000n\000c\000t\000i\000o\000n\000s}{chapter*.86}% 37
